# JRE version: OpenJDK Runtime Environment (17.0.11) (build 17.0.11+0--11852314)
# Java VM: OpenJDK 64-Bit Server VM (17.0.11+0--11852314, mixed mode, tiered, compressed oops, compressed class ptrs, g1 gc, windows-amd64)
GC Precious Log:
 CPUs: 4 total, 4 available
 Memory: 8126M
 Large Page Support: Disabled
 NUMA Support: Disabled
 Compressed Oops: Enabled (32-bit)
 Heap Region Size: 1M
 Heap Min Capacity: 8M
 Heap Initial Capacity: 128M
 Heap Max Capacity: 2G
 Pre-touch: Disabled
 Parallel Workers: 4
 Concurrent Workers: 1
 Concurrent Refinement Workers: 4
 Periodic GC: Disabled
Heap:
 garbage-first heap   total 140288K, used 70609K [0x0000000080000000, 0x0000000100000000)
  region size 1024K, 1 young (1024K), 1 survivors (1024K)
 Metaspace       used 68901K, committed 69504K, reserved 1114112K
  class space    used 9352K, committed 9664K, reserved 1048576K
GC Heap History (20 events):
Event: 5.164 GC heap after
{Heap after GC invocations=17 (full 0):
 garbage-first heap   total 86016K, used 42918K [0x0000000080000000, 0x0000000100000000)
  region size 1024K, 3 young (3072K), 3 survivors (3072K)
 Metaspace       used 56996K, committed 57600K, reserved 1114112K
  class space    used 7775K, committed 8064K, reserved 1048576K
}
Event: 5.233 GC heap before
{Heap before GC invocations=18 (full 0):
 garbage-first heap   total 87040K, used 51110K [0x0000000080000000, 0x0000000100000000)
  region size 1024K, 8 young (8192K), 3 survivors (3072K)
 Metaspace       used 57305K, committed 57920K, reserved 1114112K
  class space    used 7842K, committed 8128K, reserved 1048576K
}
Event: 5.236 GC heap after
{Heap after GC invocations=19 (full 0):
 garbage-first heap   total 87040K, used 49996K [0x0000000080000000, 0x0000000100000000)
  region size 1024K, 2 young (2048K), 2 survivors (2048K)
 Metaspace       used 57305K, committed 57920K, reserved 1114112K
  class space    used 7842K, committed 8128K, reserved 1048576K
}
Event: 5.306 GC heap before
{Heap before GC invocations=20 (full 0):
 garbage-first heap   total 106496K, used 63308K [0x0000000080000000, 0x0000000100000000)
  region size 1024K, 10 young (10240K), 2 survivors (2048K)
 Metaspace       used 57343K, committed 57920K, reserved 1114112K
  class space    used 7847K, committed 8128K, reserved 1048576K
}
Event: 5.309 GC heap after
{Heap after GC invocations=21 (full 0):
 garbage-first heap   total 106496K, used 60145K [0x0000000080000000, 0x0000000100000000)
  region size 1024K, 2 young (2048K), 2 survivors (2048K)
 Metaspace       used 57343K, committed 57920K, reserved 1114112K
  class space    used 7847K, committed 8128K, reserved 1048576K
}
Event: 5.453 GC heap before
{Heap before GC invocations=22 (full 0):
 garbage-first heap   total 109568K, used 76529K [0x0000000080000000, 0x0000000100000000)
  region size 1024K, 18 young (18432K), 2 survivors (2048K)
 Metaspace       used 58499K, committed 59072K, reserved 1114112K
  class space    used 8000K, committed 8256K, reserved 1048576K
}
Event: 5.455 GC heap after
{Heap after GC invocations=23 (full 0):
 garbage-first heap   total 109568K, used 63007K [0x0000000080000000, 0x0000000100000000)
  region size 1024K, 2 young (2048K), 2 survivors (2048K)
 Metaspace       used 58499K, committed 59072K, reserved 1114112K
  class space    used 8000K, committed 8256K, reserved 1048576K
}
Event: 5.478 GC heap before
{Heap before GC invocations=23 (full 0):
 garbage-first heap   total 109568K, used 67103K [0x0000000080000000, 0x0000000100000000)
  region size 1024K, 5 young (5120K), 2 survivors (2048K)
 Metaspace       used 58702K, committed 59264K, reserved 1114112K
  class space    used 8032K, committed 8320K, reserved 1048576K
}
Event: 5.480 GC heap after
{Heap after GC invocations=24 (full 0):
 garbage-first heap   total 132096K, used 63188K [0x0000000080000000, 0x0000000100000000)
  region size 1024K, 1 young (1024K), 1 survivors (1024K)
 Metaspace       used 58702K, committed 59264K, reserved 1114112K
  class space    used 8032K, committed 8320K, reserved 1048576K
}
Event: 5.707 GC heap before
{Heap before GC invocations=24 (full 0):
 garbage-first heap   total 132096K, used 89812K [0x0000000080000000, 0x0000000100000000)
  region size 1024K, 28 young (28672K), 1 survivors (1024K)
 Metaspace       used 60982K, committed 61568K, reserved 1114112K
  class space    used 8330K, committed 8640K, reserved 1048576K
}
Event: 5.709 GC heap after
{Heap after GC invocations=25 (full 0):
 garbage-first heap   total 132096K, used 63957K [0x0000000080000000, 0x0000000100000000)
  region size 1024K, 1 young (1024K), 1 survivors (1024K)
 Metaspace       used 60982K, committed 61568K, reserved 1114112K
  class space    used 8330K, committed 8640K, reserved 1048576K
}
Event: 6.022 GC heap before
{Heap before GC invocations=26 (full 0):
 garbage-first heap   total 132096K, used 94677K [0x0000000080000000, 0x0000000100000000)
  region size 1024K, 31 young (31744K), 1 survivors (1024K)
 Metaspace       used 64203K, committed 64768K, reserved 1114112K
  class space    used 8686K, committed 8960K, reserved 1048576K
}
Event: 6.027 GC heap after
{Heap after GC invocations=27 (full 0):
 garbage-first heap   total 132096K, used 64636K [0x0000000080000000, 0x0000000100000000)
  region size 1024K, 2 young (2048K), 2 survivors (2048K)
 Metaspace       used 64203K, committed 64768K, reserved 1114112K
  class space    used 8686K, committed 8960K, reserved 1048576K
}
Event: 6.106 GC heap before
{Heap before GC invocations=27 (full 0):
 garbage-first heap   total 132096K, used 68732K [0x0000000080000000, 0x0000000100000000)
  region size 1024K, 6 young (6144K), 2 survivors (2048K)
 Metaspace       used 64574K, committed 65152K, reserved 1114112K
  class space    used 8761K, committed 9024K, reserved 1048576K
}
Event: 6.109 GC heap after
{Heap after GC invocations=28 (full 0):
 garbage-first heap   total 132096K, used 64440K [0x0000000080000000, 0x0000000100000000)
  region size 1024K, 1 young (1024K), 1 survivors (1024K)
 Metaspace       used 64574K, committed 65152K, reserved 1114112K
  class space    used 8761K, committed 9024K, reserved 1048576K
}
Event: 6.322 GC heap before
{Heap before GC invocations=28 (full 0):
 garbage-first heap   total 132096K, used 81848K [0x0000000080000000, 0x0000000100000000)
  region size 1024K, 19 young (19456K), 1 survivors (1024K)
 Metaspace       used 67187K, committed 67776K, reserved 1114112K
  class space    used 9107K, committed 9408K, reserved 1048576K
}
Event: 6.324 GC heap after
{Heap after GC invocations=29 (full 0):
 garbage-first heap   total 132096K, used 66241K [0x0000000080000000, 0x0000000100000000)
  region size 1024K, 3 young (3072K), 3 survivors (3072K)
 Metaspace       used 67187K, committed 67776K, reserved 1114112K
  class space    used 9107K, committed 9408K, reserved 1048576K
}
Event: 6.645 GC heap before
{Heap before GC invocations=30 (full 0):
 garbage-first heap   total 140288K, used 104129K [0x0000000080000000, 0x0000000100000000)
  region size 1024K, 35 young (35840K), 3 survivors (3072K)
 Metaspace       used 68819K, committed 69440K, reserved 1114112K
  class space    used 9342K, committed 9664K, reserved 1048576K
}
Event: 6.648 GC heap after
{Heap after GC invocations=31 (full 0):
 garbage-first heap   total 140288K, used 70227K [0x0000000080000000, 0x0000000100000000)
  region size 1024K, 5 young (5120K), 5 survivors (5120K)
 Metaspace       used 68819K, committed 69440K, reserved 1114112K
  class space    used 9342K, committed 9664K, reserved 1048576K
}
Event: 6.656 GC heap before
{Heap before GC invocations=31 (full 0):
 garbage-first heap   total 140288K, used 71251K [0x0000000080000000, 0x0000000100000000)
  region size 1024K, 6 young (6144K), 5 survivors (5120K)
 Metaspace       used 68901K, committed 69504K, reserved 1114112K
  class space    used 9352K, committed 9664K, reserved 1048576K
}

