# JRE version: OpenJDK Runtime Environment (17.0.11) (build 17.0.11+0--11852314)
# Java VM: OpenJDK 64-Bit Server VM (17.0.11+0--11852314, mixed mode, tiered, compressed oops, compressed class ptrs, g1 gc, windows-amd64)
GC Precious Log:
 CPUs: 4 total, 4 available
 Memory: 8126M
 Large Page Support: Disabled
 NUMA Support: Disabled
 Compressed Oops: Enabled (32-bit)
 Heap Region Size: 1M
 Heap Min Capacity: 8M
 Heap Initial Capacity: 128M
 Heap Max Capacity: 2G
 Pre-touch: Disabled
 Parallel Workers: 4
 Concurrent Workers: 1
 Concurrent Refinement Workers: 4
 Periodic GC: Disabled
Heap:
 garbage-first heap   total 131072K, used 66203K [0x0000000080000000, 0x0000000100000000)
  region size 1024K, 2 young (2048K), 2 survivors (2048K)
 Metaspace       used 65878K, committed 66496K, reserved 1114112K
  class space    used 8976K, committed 9280K, reserved 1048576K
GC Heap History (20 events):
Event: 3.952 GC heap after
{Heap after GC invocations=13 (full 0):
 garbage-first heap   total 82944K, used 32363K [0x0000000080000000, 0x0000000100000000)
  region size 1024K, 5 young (5120K), 5 survivors (5120K)
 Metaspace       used 47093K, committed 47552K, reserved 1114112K
  class space    used 6413K, committed 6656K, reserved 1048576K
}
Event: 4.320 GC heap before
{Heap before GC invocations=13 (full 0):
 garbage-first heap   total 82944K, used 64107K [0x0000000080000000, 0x0000000100000000)
  region size 1024K, 36 young (36864K), 5 survivors (5120K)
 Metaspace       used 51285K, committed 51712K, reserved 1114112K
  class space    used 7082K, committed 7232K, reserved 1048576K
}
Event: 4.324 GC heap after
{Heap after GC invocations=14 (full 0):
 garbage-first heap   total 82944K, used 34406K [0x0000000080000000, 0x0000000100000000)
  region size 1024K, 5 young (5120K), 5 survivors (5120K)
 Metaspace       used 51285K, committed 51712K, reserved 1114112K
  class space    used 7082K, committed 7232K, reserved 1048576K
}
Event: 4.685 GC heap before
{Heap before GC invocations=14 (full 0):
 garbage-first heap   total 82944K, used 67174K [0x0000000080000000, 0x0000000100000000)
  region size 1024K, 35 young (35840K), 5 survivors (5120K)
 Metaspace       used 55409K, committed 55936K, reserved 1114112K
  class space    used 7629K, committed 7872K, reserved 1048576K
}
Event: 4.689 GC heap after
{Heap after GC invocations=15 (full 0):
 garbage-first heap   total 82944K, used 36083K [0x0000000080000000, 0x0000000100000000)
  region size 1024K, 4 young (4096K), 4 survivors (4096K)
 Metaspace       used 55409K, committed 55936K, reserved 1114112K
  class space    used 7629K, committed 7872K, reserved 1048576K
}
Event: 5.047 GC heap before
{Heap before GC invocations=15 (full 0):
 garbage-first heap   total 82944K, used 64755K [0x0000000080000000, 0x0000000100000000)
  region size 1024K, 33 young (33792K), 4 survivors (4096K)
 Metaspace       used 56525K, committed 57088K, reserved 1114112K
  class space    used 7735K, committed 8000K, reserved 1048576K
}
Event: 5.060 GC heap after
{Heap after GC invocations=16 (full 0):
 garbage-first heap   total 100352K, used 40427K [0x0000000080000000, 0x0000000100000000)
  region size 1024K, 5 young (5120K), 5 survivors (5120K)
 Metaspace       used 56525K, committed 57088K, reserved 1114112K
  class space    used 7735K, committed 8000K, reserved 1048576K
}
Event: 5.349 GC heap before
{Heap before GC invocations=16 (full 0):
 garbage-first heap   total 100352K, used 79339K [0x0000000080000000, 0x0000000100000000)
  region size 1024K, 38 young (38912K), 5 survivors (5120K)
 Metaspace       used 57364K, committed 57920K, reserved 1114112K
  class space    used 7842K, committed 8128K, reserved 1048576K
}
Event: 5.355 GC heap after
{Heap after GC invocations=17 (full 0):
 garbage-first heap   total 100352K, used 53429K [0x0000000080000000, 0x0000000100000000)
  region size 1024K, 6 young (6144K), 6 survivors (6144K)
 Metaspace       used 57364K, committed 57920K, reserved 1114112K
  class space    used 7842K, committed 8128K, reserved 1048576K
}
Event: 5.547 GC heap before
{Heap before GC invocations=18 (full 0):
 garbage-first heap   total 109568K, used 85173K [0x0000000080000000, 0x0000000100000000)
  region size 1024K, 30 young (30720K), 6 survivors (6144K)
 Metaspace       used 58755K, committed 59328K, reserved 1114112K
  class space    used 8041K, committed 8320K, reserved 1048576K
}
Event: 5.551 GC heap after
{Heap after GC invocations=19 (full 0):
 garbage-first heap   total 109568K, used 64800K [0x0000000080000000, 0x0000000100000000)
  region size 1024K, 4 young (4096K), 4 survivors (4096K)
 Metaspace       used 58755K, committed 59328K, reserved 1114112K
  class space    used 8041K, committed 8320K, reserved 1048576K
}
Event: 5.558 GC heap before
{Heap before GC invocations=19 (full 0):
 garbage-first heap   total 109568K, used 65824K [0x0000000080000000, 0x0000000100000000)
  region size 1024K, 5 young (5120K), 4 survivors (4096K)
 Metaspace       used 58817K, committed 59392K, reserved 1114112K
  class space    used 8050K, committed 8320K, reserved 1048576K
}
Event: 5.559 GC heap after
{Heap after GC invocations=20 (full 0):
 garbage-first heap   total 109568K, used 64556K [0x0000000080000000, 0x0000000100000000)
  region size 1024K, 1 young (1024K), 1 survivors (1024K)
 Metaspace       used 58817K, committed 59392K, reserved 1114112K
  class space    used 8050K, committed 8320K, reserved 1048576K
}
Event: 5.791 GC heap before
{Heap before GC invocations=20 (full 0):
 garbage-first heap   total 109568K, used 87084K [0x0000000080000000, 0x0000000100000000)
  region size 1024K, 23 young (23552K), 1 survivors (1024K)
 Metaspace       used 60665K, committed 61248K, reserved 1114112K
  class space    used 8303K, committed 8576K, reserved 1048576K
}
Event: 5.793 GC heap after
{Heap after GC invocations=21 (full 0):
 garbage-first heap   total 109568K, used 64712K [0x0000000080000000, 0x0000000100000000)
  region size 1024K, 1 young (1024K), 1 survivors (1024K)
 Metaspace       used 60665K, committed 61248K, reserved 1114112K
  class space    used 8303K, committed 8576K, reserved 1048576K
}
Event: 6.113 GC heap before
{Heap before GC invocations=22 (full 0):
 garbage-first heap   total 112640K, used 87240K [0x0000000080000000, 0x0000000100000000)
  region size 1024K, 24 young (24576K), 1 survivors (1024K)
 Metaspace       used 63201K, committed 63744K, reserved 1114112K
  class space    used 8564K, committed 8832K, reserved 1048576K
}
Event: 6.115 GC heap after
{Heap after GC invocations=23 (full 0):
 garbage-first heap   total 112640K, used 65250K [0x0000000080000000, 0x0000000100000000)
  region size 1024K, 2 young (2048K), 2 survivors (2048K)
 Metaspace       used 63201K, committed 63744K, reserved 1114112K
  class space    used 8564K, committed 8832K, reserved 1048576K
}
Event: 6.152 GC heap before
{Heap before GC invocations=23 (full 0):
 garbage-first heap   total 112640K, used 68322K [0x0000000080000000, 0x0000000100000000)
  region size 1024K, 5 young (5120K), 2 survivors (2048K)
 Metaspace       used 63431K, committed 63936K, reserved 1114112K
  class space    used 8597K, committed 8832K, reserved 1048576K
}
Event: 6.154 GC heap after
{Heap after GC invocations=24 (full 0):
 garbage-first heap   total 112640K, used 64762K [0x0000000080000000, 0x0000000100000000)
  region size 1024K, 1 young (1024K), 1 survivors (1024K)
 Metaspace       used 63431K, committed 63936K, reserved 1114112K
  class space    used 8597K, committed 8832K, reserved 1048576K
}
Event: 6.447 GC heap before
{Heap before GC invocations=24 (full 0):
 garbage-first heap   total 112640K, used 90362K [0x0000000080000000, 0x0000000100000000)
  region size 1024K, 26 young (26624K), 1 survivors (1024K)
 Metaspace       used 65878K, committed 66496K, reserved 1114112K
  class space    used 8976K, committed 9280K, reserved 1048576K
}

