# JRE version: OpenJDK Runtime Environment (17.0.11) (build 17.0.11+0--11852314)
# Java VM: OpenJDK 64-Bit Server VM (17.0.11+0--11852314, mixed mode, tiered, compressed oops, compressed class ptrs, g1 gc, windows-amd64)
GC Precious Log:
 CPUs: 4 total, 4 available
 Memory: 8126M
 Large Page Support: Disabled
 NUMA Support: Disabled
 Compressed Oops: Enabled (32-bit)
 Heap Region Size: 1M
 Heap Min Capacity: 8M
 Heap Initial Capacity: 128M
 Heap Max Capacity: 2G
 Pre-touch: Disabled
 Parallel Workers: 4
 Concurrent Workers: 1
 Concurrent Refinement Workers: 4
 Periodic GC: Disabled
Heap:
 garbage-first heap   total 301056K, used 156931K [0x0000000080000000, 0x0000000100000000)
  region size 1024K, 10 young (10240K), 2 survivors (2048K)
 Metaspace       used 117335K, committed 118144K, reserved 1179648K
  class space    used 16346K, committed 16768K, reserved 1048576K
GC Heap History (20 events):
Event: 11.172 GC heap before
{Heap before GC invocations=37 (full 0):
 garbage-first heap   total 301056K, used 231698K [0x0000000080000000, 0x0000000100000000)
  region size 1024K, 153 young (156672K), 10 survivors (10240K)
 Metaspace       used 92545K, committed 93184K, reserved 1179648K
  class space    used 12867K, committed 13184K, reserved 1048576K
}
Event: 11.185 GC heap after
{Heap after GC invocations=38 (full 0):
 garbage-first heap   total 301056K, used 92356K [0x0000000080000000, 0x0000000100000000)
  region size 1024K, 17 young (17408K), 17 survivors (17408K)
 Metaspace       used 92545K, committed 93184K, reserved 1179648K
  class space    used 12867K, committed 13184K, reserved 1048576K
}
Event: 12.554 GC heap before
{Heap before GC invocations=38 (full 0):
 garbage-first heap   total 301056K, used 236740K [0x0000000080000000, 0x0000000100000000)
  region size 1024K, 158 young (161792K), 17 survivors (17408K)
 Metaspace       used 100698K, committed 101440K, reserved 1179648K
  class space    used 14072K, committed 14400K, reserved 1048576K
}
Event: 12.570 GC heap after
{Heap after GC invocations=39 (full 0):
 garbage-first heap   total 301056K, used 100610K [0x0000000080000000, 0x0000000100000000)
  region size 1024K, 17 young (17408K), 17 survivors (17408K)
 Metaspace       used 100698K, committed 101440K, reserved 1179648K
  class space    used 14072K, committed 14400K, reserved 1048576K
}
Event: 14.638 GC heap before
{Heap before GC invocations=39 (full 0):
 garbage-first heap   total 301056K, used 237826K [0x0000000080000000, 0x0000000100000000)
  region size 1024K, 152 young (155648K), 17 survivors (17408K)
 Metaspace       used 107766K, committed 108480K, reserved 1179648K
  class space    used 14963K, committed 15296K, reserved 1048576K
}
Event: 14.654 GC heap after
{Heap after GC invocations=40 (full 0):
 garbage-first heap   total 301056K, used 107273K [0x0000000080000000, 0x0000000100000000)
  region size 1024K, 10 young (10240K), 10 survivors (10240K)
 Metaspace       used 107766K, committed 108480K, reserved 1179648K
  class space    used 14963K, committed 15296K, reserved 1048576K
}
Event: 16.049 GC heap before
{Heap before GC invocations=40 (full 0):
 garbage-first heap   total 301056K, used 239369K [0x0000000080000000, 0x0000000100000000)
  region size 1024K, 140 young (143360K), 10 survivors (10240K)
 Metaspace       used 107786K, committed 108544K, reserved 1179648K
  class space    used 14967K, committed 15296K, reserved 1048576K
}
Event: 16.059 GC heap after
{Heap after GC invocations=41 (full 0):
 garbage-first heap   total 301056K, used 109321K [0x0000000080000000, 0x0000000100000000)
  region size 1024K, 12 young (12288K), 12 survivors (12288K)
 Metaspace       used 107786K, committed 108544K, reserved 1179648K
  class space    used 14967K, committed 15296K, reserved 1048576K
}
Event: 16.522 GC heap before
{Heap before GC invocations=41 (full 0):
 garbage-first heap   total 301056K, used 245513K [0x0000000080000000, 0x0000000100000000)
  region size 1024K, 145 young (148480K), 12 survivors (12288K)
 Metaspace       used 107786K, committed 108544K, reserved 1179648K
  class space    used 14967K, committed 15296K, reserved 1048576K
}
Event: 16.529 GC heap after
{Heap after GC invocations=42 (full 0):
 garbage-first heap   total 301056K, used 110789K [0x0000000080000000, 0x0000000100000000)
  region size 1024K, 4 young (4096K), 4 survivors (4096K)
 Metaspace       used 107786K, committed 108544K, reserved 1179648K
  class space    used 14967K, committed 15296K, reserved 1048576K
}
Event: 16.939 GC heap before
{Heap before GC invocations=42 (full 0):
 garbage-first heap   total 301056K, used 249029K [0x0000000080000000, 0x0000000100000000)
  region size 1024K, 140 young (143360K), 4 survivors (4096K)
 Metaspace       used 107788K, committed 108544K, reserved 1179648K
  class space    used 14967K, committed 15296K, reserved 1048576K
}
Event: 16.942 GC heap after
{Heap after GC invocations=43 (full 0):
 garbage-first heap   total 301056K, used 111777K [0x0000000080000000, 0x0000000100000000)
  region size 1024K, 5 young (5120K), 5 survivors (5120K)
 Metaspace       used 107788K, committed 108544K, reserved 1179648K
  class space    used 14967K, committed 15296K, reserved 1048576K
}
Event: 18.708 GC heap before
{Heap before GC invocations=43 (full 0):
 garbage-first heap   total 301056K, used 252065K [0x0000000080000000, 0x0000000100000000)
  region size 1024K, 144 young (147456K), 5 survivors (5120K)
 Metaspace       used 112176K, committed 112896K, reserved 1179648K
  class space    used 15591K, committed 15936K, reserved 1048576K
}
Event: 18.718 GC heap after
{Heap after GC invocations=44 (full 0):
 garbage-first heap   total 301056K, used 123767K [0x0000000080000000, 0x0000000100000000)
  region size 1024K, 17 young (17408K), 17 survivors (17408K)
 Metaspace       used 112176K, committed 112896K, reserved 1179648K
  class space    used 15591K, committed 15936K, reserved 1048576K
}
Event: 19.194 GC heap before
{Heap before GC invocations=44 (full 0):
 garbage-first heap   total 301056K, used 184183K [0x0000000080000000, 0x0000000100000000)
  region size 1024K, 76 young (77824K), 17 survivors (17408K)
 Metaspace       used 114644K, committed 115456K, reserved 1179648K
  class space    used 15953K, committed 16384K, reserved 1048576K
}
Event: 19.207 GC heap after
{Heap after GC invocations=45 (full 0):
 garbage-first heap   total 301056K, used 134757K [0x0000000080000000, 0x0000000100000000)
  region size 1024K, 13 young (13312K), 13 survivors (13312K)
 Metaspace       used 114644K, committed 115456K, reserved 1179648K
  class space    used 15953K, committed 16384K, reserved 1048576K
}
Event: 19.710 GC heap before
{Heap before GC invocations=46 (full 0):
 garbage-first heap   total 301056K, used 235109K [0x0000000080000000, 0x0000000100000000)
  region size 1024K, 112 young (114688K), 13 survivors (13312K)
 Metaspace       used 116720K, committed 117504K, reserved 1179648K
  class space    used 16239K, committed 16640K, reserved 1048576K
}
Event: 19.729 GC heap after
{Heap after GC invocations=47 (full 0):
 garbage-first heap   total 301056K, used 148194K [0x0000000080000000, 0x0000000100000000)
  region size 1024K, 14 young (14336K), 14 survivors (14336K)
 Metaspace       used 116720K, committed 117504K, reserved 1179648K
  class space    used 16239K, committed 16640K, reserved 1048576K
}
Event: 19.736 GC heap before
{Heap before GC invocations=47 (full 0):
 garbage-first heap   total 301056K, used 149218K [0x0000000080000000, 0x0000000100000000)
  region size 1024K, 15 young (15360K), 14 survivors (14336K)
 Metaspace       used 116749K, committed 117568K, reserved 1179648K
  class space    used 16241K, committed 16640K, reserved 1048576K
}
Event: 19.747 GC heap after
{Heap after GC invocations=48 (full 0):
 garbage-first heap   total 301056K, used 149763K [0x0000000080000000, 0x0000000100000000)
  region size 1024K, 2 young (2048K), 2 survivors (2048K)
 Metaspace       used 116749K, committed 117568K, reserved 1179648K
  class space    used 16241K, committed 16640K, reserved 1048576K
}

