# JRE version: OpenJDK Runtime Environment (17.0.11) (build 17.0.11+0--11852314)
# Java VM: OpenJDK 64-Bit Server VM (17.0.11+0--11852314, mixed mode, tiered, compressed oops, compressed class ptrs, g1 gc, windows-amd64)
GC Precious Log:
 CPUs: 4 total, 4 available
 Memory: 8126M
 Large Page Support: Disabled
 NUMA Support: Disabled
 Compressed Oops: Enabled (32-bit)
 Heap Region Size: 1M
 Heap Min Capacity: 8M
 Heap Initial Capacity: 128M
 Heap Max Capacity: 2G
 Pre-touch: Disabled
 Parallel Workers: 4
 Concurrent Workers: 1
 Concurrent Refinement Workers: 4
 Periodic GC: Disabled
Heap:
 garbage-first heap   total 119808K, used 72746K [0x0000000080000000, 0x0000000100000000)
  region size 1024K, 5 young (5120K), 3 survivors (3072K)
 Metaspace       used 59462K, committed 60032K, reserved 1114112K
  class space    used 8132K, committed 8384K, reserved 1048576K
GC Heap History (20 events):
Event: 5.211 GC heap before
{Heap before GC invocations=17 (full 0):
 garbage-first heap   total 96256K, used 71982K [0x0000000080000000, 0x0000000100000000)
  region size 1024K, 34 young (34816K), 3 survivors (3072K)
 Metaspace       used 44584K, committed 44992K, reserved 1114112K
  class space    used 6017K, committed 6208K, reserved 1048576K
}
Event: 5.216 GC heap after
{Heap after GC invocations=18 (full 0):
 garbage-first heap   total 96256K, used 45032K [0x0000000080000000, 0x0000000100000000)
  region size 1024K, 5 young (5120K), 5 survivors (5120K)
 Metaspace       used 44584K, committed 44992K, reserved 1114112K
  class space    used 6017K, committed 6208K, reserved 1048576K
}
Event: 5.359 GC heap before
{Heap before GC invocations=18 (full 0):
 garbage-first heap   total 96256K, used 61416K [0x0000000080000000, 0x0000000100000000)
  region size 1024K, 20 young (20480K), 5 survivors (5120K)
 Metaspace       used 45071K, committed 45504K, reserved 1114112K
  class space    used 6065K, committed 6272K, reserved 1048576K
}
Event: 5.363 GC heap after
{Heap after GC invocations=19 (full 0):
 garbage-first heap   total 96256K, used 48427K [0x0000000080000000, 0x0000000100000000)
  region size 1024K, 2 young (2048K), 2 survivors (2048K)
 Metaspace       used 45071K, committed 45504K, reserved 1114112K
  class space    used 6065K, committed 6272K, reserved 1048576K
}
Event: 5.797 GC heap before
{Heap before GC invocations=20 (full 0):
 garbage-first heap   total 96256K, used 77099K [0x0000000080000000, 0x0000000100000000)
  region size 1024K, 29 young (29696K), 2 survivors (2048K)
 Metaspace       used 49181K, committed 49600K, reserved 1114112K
  class space    used 6585K, committed 6784K, reserved 1048576K
}
Event: 5.800 GC heap after
{Heap after GC invocations=21 (full 0):
 garbage-first heap   total 96256K, used 48225K [0x0000000080000000, 0x0000000100000000)
  region size 1024K, 4 young (4096K), 4 survivors (4096K)
 Metaspace       used 49181K, committed 49600K, reserved 1114112K
  class space    used 6585K, committed 6784K, reserved 1048576K
}
Event: 6.179 GC heap before
{Heap before GC invocations=21 (full 0):
 garbage-first heap   total 96256K, used 65633K [0x0000000080000000, 0x0000000100000000)
  region size 1024K, 22 young (22528K), 4 survivors (4096K)
 Metaspace       used 50762K, committed 51200K, reserved 1114112K
  class space    used 6838K, committed 7040K, reserved 1048576K
}
Event: 6.184 GC heap after
{Heap after GC invocations=22 (full 0):
 garbage-first heap   total 96256K, used 50541K [0x0000000080000000, 0x0000000100000000)
  region size 1024K, 3 young (3072K), 3 survivors (3072K)
 Metaspace       used 50762K, committed 51200K, reserved 1114112K
  class space    used 6838K, committed 7040K, reserved 1048576K
}
Event: 6.435 GC heap before
{Heap before GC invocations=23 (full 0):
 garbage-first heap   total 101376K, used 63853K [0x0000000080000000, 0x0000000100000000)
  region size 1024K, 10 young (10240K), 3 survivors (3072K)
 Metaspace       used 51010K, committed 51456K, reserved 1114112K
  class space    used 6886K, committed 7104K, reserved 1048576K
}
Event: 6.438 GC heap after
{Heap after GC invocations=24 (full 0):
 garbage-first heap   total 101376K, used 61049K [0x0000000080000000, 0x0000000100000000)
  region size 1024K, 3 young (3072K), 3 survivors (3072K)
 Metaspace       used 51010K, committed 51456K, reserved 1114112K
  class space    used 6886K, committed 7104K, reserved 1048576K
}
Event: 6.567 GC heap before
{Heap before GC invocations=25 (full 0):
 garbage-first heap   total 114688K, used 70265K [0x0000000080000000, 0x0000000100000000)
  region size 1024K, 9 young (9216K), 3 survivors (3072K)
 Metaspace       used 51368K, committed 51840K, reserved 1114112K
  class space    used 6910K, committed 7168K, reserved 1048576K
}
Event: 6.570 GC heap after
{Heap after GC invocations=26 (full 0):
 garbage-first heap   total 114688K, used 67815K [0x0000000080000000, 0x0000000100000000)
  region size 1024K, 2 young (2048K), 2 survivors (2048K)
 Metaspace       used 51368K, committed 51840K, reserved 1114112K
  class space    used 6910K, committed 7168K, reserved 1048576K
}
Event: 7.076 GC heap before
{Heap before GC invocations=27 (full 0):
 garbage-first heap   total 119808K, used 85223K [0x0000000080000000, 0x0000000100000000)
  region size 1024K, 17 young (17408K), 2 survivors (2048K)
 Metaspace       used 53468K, committed 54080K, reserved 1114112K
  class space    used 7126K, committed 7424K, reserved 1048576K
}
Event: 7.079 GC heap after
{Heap after GC invocations=28 (full 0):
 garbage-first heap   total 119808K, used 67882K [0x0000000080000000, 0x0000000100000000)
  region size 1024K, 2 young (2048K), 2 survivors (2048K)
 Metaspace       used 53468K, committed 54080K, reserved 1114112K
  class space    used 7126K, committed 7424K, reserved 1048576K
}
Event: 7.280 GC heap before
{Heap before GC invocations=28 (full 0):
 garbage-first heap   total 119808K, used 88362K [0x0000000080000000, 0x0000000100000000)
  region size 1024K, 22 young (22528K), 2 survivors (2048K)
 Metaspace       used 54380K, committed 54976K, reserved 1114112K
  class space    used 7289K, committed 7616K, reserved 1048576K
}
Event: 7.282 GC heap after
{Heap after GC invocations=29 (full 0):
 garbage-first heap   total 119808K, used 68730K [0x0000000080000000, 0x0000000100000000)
  region size 1024K, 2 young (2048K), 2 survivors (2048K)
 Metaspace       used 54380K, committed 54976K, reserved 1114112K
  class space    used 7289K, committed 7616K, reserved 1048576K
}
Event: 7.770 GC heap before
{Heap before GC invocations=30 (full 0):
 garbage-first heap   total 119808K, used 90234K [0x0000000080000000, 0x0000000100000000)
  region size 1024K, 23 young (23552K), 2 survivors (2048K)
 Metaspace       used 57210K, committed 57856K, reserved 1114112K
  class space    used 7729K, committed 8064K, reserved 1048576K
}
Event: 7.774 GC heap after
{Heap after GC invocations=31 (full 0):
 garbage-first heap   total 119808K, used 69861K [0x0000000080000000, 0x0000000100000000)
  region size 1024K, 2 young (2048K), 2 survivors (2048K)
 Metaspace       used 57210K, committed 57856K, reserved 1114112K
  class space    used 7729K, committed 8064K, reserved 1048576K
}
Event: 8.125 GC heap before
{Heap before GC invocations=31 (full 0):
 garbage-first heap   total 119808K, used 91365K [0x0000000080000000, 0x0000000100000000)
  region size 1024K, 24 young (24576K), 2 survivors (2048K)
 Metaspace       used 59302K, committed 59904K, reserved 1114112K
  class space    used 8113K, committed 8384K, reserved 1048576K
}
Event: 8.129 GC heap after
{Heap after GC invocations=32 (full 0):
 garbage-first heap   total 119808K, used 71722K [0x0000000080000000, 0x0000000100000000)
  region size 1024K, 3 young (3072K), 3 survivors (3072K)
 Metaspace       used 59302K, committed 59904K, reserved 1114112K
  class space    used 8113K, committed 8384K, reserved 1048576K
}

