# JRE version: OpenJDK Runtime Environment (17.0.11) (build 17.0.11+0--11852314)
# Java VM: OpenJDK 64-Bit Server VM (17.0.11+0--11852314, mixed mode, tiered, compressed oops, compressed class ptrs, g1 gc, windows-amd64)
GC Precious Log:
 CPUs: 4 total, 4 available
 Memory: 8126M
 Large Page Support: Disabled
 NUMA Support: Disabled
 Compressed Oops: Enabled (32-bit)
 Heap Region Size: 1M
 Heap Min Capacity: 8M
 Heap Initial Capacity: 128M
 Heap Max Capacity: 2G
 Pre-touch: Disabled
 Parallel Workers: 4
 Concurrent Workers: 1
 Concurrent Refinement Workers: 4
 Periodic GC: Disabled
Heap:
 garbage-first heap   total 126976K, used 80397K [0x0000000080000000, 0x0000000100000000)
  region size 1024K, 12 young (12288K), 2 survivors (2048K)
 Metaspace       used 52782K, committed 53248K, reserved 1114112K
  class space    used 7022K, committed 7232K, reserved 1048576K
GC Heap History (20 events):
Event: 4.036 GC heap before
{Heap before GC invocations=10 (full 0):
 garbage-first heap   total 68608K, used 50541K [0x0000000080000000, 0x0000000100000000)
  region size 1024K, 13 young (13312K), 1 survivors (1024K)
 Metaspace       used 33810K, committed 34176K, reserved 1114112K
  class space    used 4589K, committed 4736K, reserved 1048576K
}
Event: 4.037 GC heap after
{Heap after GC invocations=11 (full 0):
 garbage-first heap   total 68608K, used 39775K [0x0000000080000000, 0x0000000100000000)
  region size 1024K, 2 young (2048K), 2 survivors (2048K)
 Metaspace       used 33810K, committed 34176K, reserved 1114112K
  class space    used 4589K, committed 4736K, reserved 1048576K
}
Event: 4.192 GC heap before
{Heap before GC invocations=11 (full 0):
 garbage-first heap   total 68608K, used 52063K [0x0000000080000000, 0x0000000100000000)
  region size 1024K, 14 young (14336K), 2 survivors (2048K)
 Metaspace       used 35245K, committed 35648K, reserved 1114112K
  class space    used 4833K, committed 4992K, reserved 1048576K
}
Event: 4.193 GC heap after
{Heap after GC invocations=12 (full 0):
 garbage-first heap   total 68608K, used 40395K [0x0000000080000000, 0x0000000100000000)
  region size 1024K, 2 young (2048K), 2 survivors (2048K)
 Metaspace       used 35245K, committed 35648K, reserved 1114112K
  class space    used 4833K, committed 4992K, reserved 1048576K
}
Event: 4.338 GC heap before
{Heap before GC invocations=13 (full 0):
 garbage-first heap   total 73728K, used 52683K [0x0000000080000000, 0x0000000100000000)
  region size 1024K, 14 young (14336K), 2 survivors (2048K)
 Metaspace       used 36575K, committed 36864K, reserved 1114112K
  class space    used 5062K, committed 5184K, reserved 1048576K
}
Event: 4.340 GC heap after
{Heap after GC invocations=14 (full 0):
 garbage-first heap   total 73728K, used 40874K [0x0000000080000000, 0x0000000100000000)
  region size 1024K, 2 young (2048K), 2 survivors (2048K)
 Metaspace       used 36575K, committed 36864K, reserved 1114112K
  class space    used 5062K, committed 5184K, reserved 1048576K
}
Event: 4.556 GC heap before
{Heap before GC invocations=14 (full 0):
 garbage-first heap   total 73728K, used 55210K [0x0000000080000000, 0x0000000100000000)
  region size 1024K, 17 young (17408K), 2 survivors (2048K)
 Metaspace       used 39103K, committed 39488K, reserved 1114112K
  class space    used 5458K, committed 5632K, reserved 1048576K
}
Event: 4.559 GC heap after
{Heap after GC invocations=15 (full 0):
 garbage-first heap   total 89088K, used 41660K [0x0000000080000000, 0x0000000100000000)
  region size 1024K, 2 young (2048K), 2 survivors (2048K)
 Metaspace       used 39103K, committed 39488K, reserved 1114112K
  class space    used 5458K, committed 5632K, reserved 1048576K
}
Event: 5.327 GC heap before
{Heap before GC invocations=16 (full 0):
 garbage-first heap   total 89088K, used 67260K [0x0000000080000000, 0x0000000100000000)
  region size 1024K, 28 young (28672K), 2 survivors (2048K)
 Metaspace       used 44545K, committed 44992K, reserved 1114112K
  class space    used 6020K, committed 6208K, reserved 1048576K
}
Event: 5.332 GC heap after
{Heap after GC invocations=17 (full 0):
 garbage-first heap   total 89088K, used 45109K [0x0000000080000000, 0x0000000100000000)
  region size 1024K, 4 young (4096K), 4 survivors (4096K)
 Metaspace       used 44545K, committed 44992K, reserved 1114112K
  class space    used 6020K, committed 6208K, reserved 1048576K
}
Event: 6.762 GC heap before
{Heap before GC invocations=17 (full 0):
 garbage-first heap   total 89088K, used 64565K [0x0000000080000000, 0x0000000100000000)
  region size 1024K, 25 young (25600K), 4 survivors (4096K)
 Metaspace       used 45065K, committed 45440K, reserved 1114112K
  class space    used 6069K, committed 6272K, reserved 1048576K
}
Event: 6.766 GC heap after
{Heap after GC invocations=18 (full 0):
 garbage-first heap   total 89088K, used 47729K [0x0000000080000000, 0x0000000100000000)
  region size 1024K, 3 young (3072K), 3 survivors (3072K)
 Metaspace       used 45065K, committed 45440K, reserved 1114112K
  class space    used 6069K, committed 6272K, reserved 1048576K
}
Event: 7.168 GC heap before
{Heap before GC invocations=19 (full 0):
 garbage-first heap   total 92160K, used 75377K [0x0000000080000000, 0x0000000100000000)
  region size 1024K, 25 young (25600K), 3 survivors (3072K)
 Metaspace       used 48581K, committed 48960K, reserved 1114112K
  class space    used 6488K, committed 6656K, reserved 1048576K
}
Event: 7.172 GC heap after
{Heap after GC invocations=20 (full 0):
 garbage-first heap   total 92160K, used 49131K [0x0000000080000000, 0x0000000100000000)
  region size 1024K, 3 young (3072K), 3 survivors (3072K)
 Metaspace       used 48581K, committed 48960K, reserved 1114112K
  class space    used 6488K, committed 6656K, reserved 1048576K
}
Event: 7.480 GC heap before
{Heap before GC invocations=20 (full 0):
 garbage-first heap   total 92160K, used 71659K [0x0000000080000000, 0x0000000100000000)
  region size 1024K, 26 young (26624K), 3 survivors (3072K)
 Metaspace       used 50726K, committed 51200K, reserved 1114112K
  class space    used 6842K, committed 7040K, reserved 1048576K
}
Event: 7.483 GC heap after
{Heap after GC invocations=21 (full 0):
 garbage-first heap   total 92160K, used 51480K [0x0000000080000000, 0x0000000100000000)
  region size 1024K, 4 young (4096K), 4 survivors (4096K)
 Metaspace       used 50726K, committed 51200K, reserved 1114112K
  class space    used 6842K, committed 7040K, reserved 1048576K
}
Event: 7.626 GC heap before
{Heap before GC invocations=22 (full 0):
 garbage-first heap   total 94208K, used 64792K [0x0000000080000000, 0x0000000100000000)
  region size 1024K, 11 young (11264K), 4 survivors (4096K)
 Metaspace       used 50969K, committed 51456K, reserved 1114112K
  class space    used 6890K, committed 7104K, reserved 1048576K
}
Event: 7.629 GC heap after
{Heap after GC invocations=23 (full 0):
 garbage-first heap   total 94208K, used 62343K [0x0000000080000000, 0x0000000100000000)
  region size 1024K, 3 young (3072K), 3 survivors (3072K)
 Metaspace       used 50969K, committed 51456K, reserved 1114112K
  class space    used 6890K, committed 7104K, reserved 1048576K
}
Event: 7.707 GC heap before
{Heap before GC invocations=24 (full 0):
 garbage-first heap   total 116736K, used 71559K [0x0000000080000000, 0x0000000100000000)
  region size 1024K, 9 young (9216K), 3 survivors (3072K)
 Metaspace       used 51321K, committed 51776K, reserved 1114112K
  class space    used 6915K, committed 7104K, reserved 1048576K
}
Event: 7.709 GC heap after
{Heap after GC invocations=25 (full 0):
 garbage-first heap   total 116736K, used 69133K [0x0000000080000000, 0x0000000100000000)
  region size 1024K, 2 young (2048K), 2 survivors (2048K)
 Metaspace       used 51321K, committed 51776K, reserved 1114112K
  class space    used 6915K, committed 7104K, reserved 1048576K
}

