# JRE version: OpenJDK Runtime Environment (17.0.11) (build 17.0.11+0--11852314)
# Java VM: OpenJDK 64-Bit Server VM (17.0.11+0--11852314, mixed mode, tiered, compressed oops, compressed class ptrs, g1 gc, windows-amd64)
GC Precious Log:
 CPUs: 4 total, 4 available
 Memory: 8126M
 Large Page Support: Disabled
 NUMA Support: Disabled
 Compressed Oops: Enabled (32-bit)
 Heap Region Size: 1M
 Heap Min Capacity: 8M
 Heap Initial Capacity: 128M
 Heap Max Capacity: 2G
 Pre-touch: Disabled
 Parallel Workers: 4
 Concurrent Workers: 1
 Concurrent Refinement Workers: 4
 Periodic GC: Disabled
Heap:
 garbage-first heap   total 152576K, used 101750K [0x0000000080000000, 0x0000000100000000)
  region size 1024K, 1 young (1024K), 1 survivors (1024K)
 Metaspace       used 63887K, committed 64576K, reserved 1114112K
  class space    used 8711K, committed 9024K, reserved 1048576K
GC Heap History (20 events):
Event: 4.386 GC heap after
{Heap after GC invocations=18 (full 0):
 garbage-first heap   total 100352K, used 51163K [0x0000000080000000, 0x0000000100000000)
  region size 1024K, 3 young (3072K), 3 survivors (3072K)
 Metaspace       used 50755K, committed 51200K, reserved 1114112K
  class space    used 6836K, committed 7040K, reserved 1048576K
}
Event: 4.500 GC heap before
{Heap before GC invocations=19 (full 0):
 garbage-first heap   total 106496K, used 64475K [0x0000000080000000, 0x0000000100000000)
  region size 1024K, 10 young (10240K), 3 survivors (3072K)
 Metaspace       used 50981K, committed 51456K, reserved 1114112K
  class space    used 6885K, committed 7104K, reserved 1048576K
}
Event: 4.503 GC heap after
{Heap after GC invocations=20 (full 0):
 garbage-first heap   total 106496K, used 61797K [0x0000000080000000, 0x0000000100000000)
  region size 1024K, 3 young (3072K), 3 survivors (3072K)
 Metaspace       used 50981K, committed 51456K, reserved 1114112K
  class space    used 6885K, committed 7104K, reserved 1048576K
}
Event: 4.739 GC heap before
{Heap before GC invocations=21 (full 0):
 garbage-first heap   total 116736K, used 83301K [0x0000000080000000, 0x0000000100000000)
  region size 1024K, 18 young (18432K), 3 survivors (3072K)
 Metaspace       used 52848K, committed 53312K, reserved 1114112K
  class space    used 7031K, committed 7232K, reserved 1048576K
}
Event: 4.741 GC heap after
{Heap after GC invocations=22 (full 0):
 garbage-first heap   total 116736K, used 68858K [0x0000000080000000, 0x0000000100000000)
  region size 1024K, 2 young (2048K), 2 survivors (2048K)
 Metaspace       used 52848K, committed 53312K, reserved 1114112K
  class space    used 7031K, committed 7232K, reserved 1048576K
}
Event: 4.853 GC heap before
{Heap before GC invocations=22 (full 0):
 garbage-first heap   total 116736K, used 86266K [0x0000000080000000, 0x0000000100000000)
  region size 1024K, 19 young (19456K), 2 survivors (2048K)
 Metaspace       used 53588K, committed 54144K, reserved 1114112K
  class space    used 7151K, committed 7424K, reserved 1048576K
}
Event: 4.855 GC heap after
{Heap after GC invocations=23 (full 0):
 garbage-first heap   total 140288K, used 69595K [0x0000000080000000, 0x0000000100000000)
  region size 1024K, 1 young (1024K), 1 survivors (1024K)
 Metaspace       used 53588K, committed 54144K, reserved 1114112K
  class space    used 7151K, committed 7424K, reserved 1048576K
}
Event: 5.227 GC heap before
{Heap before GC invocations=24 (full 0):
 garbage-first heap   total 140288K, used 99291K [0x0000000080000000, 0x0000000100000000)
  region size 1024K, 30 young (30720K), 1 survivors (1024K)
 Metaspace       used 57118K, committed 57664K, reserved 1114112K
  class space    used 7726K, committed 8000K, reserved 1048576K
}
Event: 5.231 GC heap after
{Heap after GC invocations=25 (full 0):
 garbage-first heap   total 140288K, used 71175K [0x0000000080000000, 0x0000000100000000)
  region size 1024K, 3 young (3072K), 3 survivors (3072K)
 Metaspace       used 57118K, committed 57664K, reserved 1114112K
  class space    used 7726K, committed 8000K, reserved 1048576K
}
Event: 5.558 GC heap before
{Heap before GC invocations=25 (full 0):
 garbage-first heap   total 140288K, used 101895K [0x0000000080000000, 0x0000000100000000)
  region size 1024K, 33 young (33792K), 3 survivors (3072K)
 Metaspace       used 59948K, committed 60544K, reserved 1114112K
  class space    used 8225K, committed 8512K, reserved 1048576K
}
Event: 5.562 GC heap after
{Heap after GC invocations=26 (full 0):
 garbage-first heap   total 140288K, used 73501K [0x0000000080000000, 0x0000000100000000)
  region size 1024K, 5 young (5120K), 5 survivors (5120K)
 Metaspace       used 59948K, committed 60544K, reserved 1114112K
  class space    used 8225K, committed 8512K, reserved 1048576K
}
Event: 6.089 GC heap before
{Heap before GC invocations=27 (full 0):
 garbage-first heap   total 140288K, used 104221K [0x0000000080000000, 0x0000000100000000)
  region size 1024K, 36 young (36864K), 5 survivors (5120K)
 Metaspace       used 61965K, committed 62592K, reserved 1114112K
  class space    used 8481K, committed 8768K, reserved 1048576K
}
Event: 6.095 GC heap after
{Heap after GC invocations=28 (full 0):
 garbage-first heap   total 140288K, used 77162K [0x0000000080000000, 0x0000000100000000)
  region size 1024K, 5 young (5120K), 5 survivors (5120K)
 Metaspace       used 61965K, committed 62592K, reserved 1114112K
  class space    used 8481K, committed 8768K, reserved 1048576K
}
Event: 6.103 GC heap before
{Heap before GC invocations=28 (full 0):
 garbage-first heap   total 140288K, used 77162K [0x0000000080000000, 0x0000000100000000)
  region size 1024K, 6 young (6144K), 5 survivors (5120K)
 Metaspace       used 61973K, committed 62592K, reserved 1114112K
  class space    used 8481K, committed 8768K, reserved 1048576K
}
Event: 6.107 GC heap after
{Heap after GC invocations=29 (full 0):
 garbage-first heap   total 140288K, used 77851K [0x0000000080000000, 0x0000000100000000)
  region size 1024K, 1 young (1024K), 1 survivors (1024K)
 Metaspace       used 61973K, committed 62592K, reserved 1114112K
  class space    used 8481K, committed 8768K, reserved 1048576K
}
Event: 6.441 GC heap before
{Heap before GC invocations=29 (full 0):
 garbage-first heap   total 140288K, used 106523K [0x0000000080000000, 0x0000000100000000)
  region size 1024K, 30 young (30720K), 1 survivors (1024K)
 Metaspace       used 62319K, committed 62976K, reserved 1114112K
  class space    used 8497K, committed 8832K, reserved 1048576K
}
Event: 6.444 GC heap after
{Heap after GC invocations=30 (full 0):
 garbage-first heap   total 140288K, used 80397K [0x0000000080000000, 0x0000000100000000)
  region size 1024K, 4 young (4096K), 4 survivors (4096K)
 Metaspace       used 62319K, committed 62976K, reserved 1114112K
  class space    used 8497K, committed 8832K, reserved 1048576K
}
Event: 6.674 GC heap before
{Heap before GC invocations=31 (full 0):
 garbage-first heap   total 152576K, used 123405K [0x0000000080000000, 0x0000000100000000)
  region size 1024K, 32 young (32768K), 4 survivors (4096K)
 Metaspace       used 63670K, committed 64320K, reserved 1114112K
  class space    used 8678K, committed 8960K, reserved 1048576K
}
Event: 6.677 GC heap after
{Heap after GC invocations=32 (full 0):
 garbage-first heap   total 152576K, used 102119K [0x0000000080000000, 0x0000000100000000)
  region size 1024K, 4 young (4096K), 4 survivors (4096K)
 Metaspace       used 63670K, committed 64320K, reserved 1114112K
  class space    used 8678K, committed 8960K, reserved 1048576K
}
Event: 6.700 GC heap before
{Heap before GC invocations=32 (full 0):
 garbage-first heap   total 152576K, used 105191K [0x0000000080000000, 0x0000000100000000)
  region size 1024K, 7 young (7168K), 4 survivors (4096K)
 Metaspace       used 63887K, committed 64576K, reserved 1114112K
  class space    used 8711K, committed 9024K, reserved 1048576K
}

