# JRE version: OpenJDK Runtime Environment (17.0.11) (build 17.0.11+0--11852314)
# Java VM: OpenJDK 64-Bit Server VM (17.0.11+0--11852314, mixed mode, tiered, compressed oops, compressed class ptrs, g1 gc, windows-amd64)
GC Precious Log:
 CPUs: 4 total, 4 available
 Memory: 8126M
 Large Page Support: Disabled
 NUMA Support: Disabled
 Compressed Oops: Enabled (32-bit)
 Heap Region Size: 1M
 Heap Min Capacity: 8M
 Heap Initial Capacity: 128M
 Heap Max Capacity: 2G
 Pre-touch: Disabled
 Parallel Workers: 4
 Concurrent Workers: 1
 Concurrent Refinement Workers: 4
 Periodic GC: Disabled
Heap:
 garbage-first heap   total 150528K, used 104583K [0x0000000080000000, 0x0000000100000000)
  region size 1024K, 6 young (6144K), 1 survivors (1024K)
 Metaspace       used 66920K, committed 67584K, reserved 1114112K
  class space    used 9050K, committed 9344K, reserved 1048576K
GC Heap History (20 events):
Event: 5.111 GC heap before
{Heap before GC invocations=20 (full 0):
 garbage-first heap   total 113664K, used 65813K [0x0000000080000000, 0x0000000100000000)
  region size 1024K, 12 young (12288K), 5 survivors (5120K)
 Metaspace       used 51066K, committed 51520K, reserved 1114112K
  class space    used 6894K, committed 7104K, reserved 1048576K
}
Event: 5.115 GC heap after
{Heap after GC invocations=21 (full 0):
 garbage-first heap   total 113664K, used 61862K [0x0000000080000000, 0x0000000100000000)
  region size 1024K, 5 young (5120K), 5 survivors (5120K)
 Metaspace       used 51066K, committed 51520K, reserved 1114112K
  class space    used 6894K, committed 7104K, reserved 1048576K
}
Event: 5.304 GC heap before
{Heap before GC invocations=22 (full 0):
 garbage-first heap   total 121856K, used 87462K [0x0000000080000000, 0x0000000100000000)
  region size 1024K, 23 young (23552K), 5 survivors (5120K)
 Metaspace       used 53270K, committed 53824K, reserved 1114112K
  class space    used 7108K, committed 7360K, reserved 1048576K
}
Event: 5.306 GC heap after
{Heap after GC invocations=23 (full 0):
 garbage-first heap   total 121856K, used 69044K [0x0000000080000000, 0x0000000100000000)
  region size 1024K, 2 young (2048K), 2 survivors (2048K)
 Metaspace       used 53270K, committed 53824K, reserved 1114112K
  class space    used 7108K, committed 7360K, reserved 1048576K
}
Event: 5.446 GC heap before
{Heap before GC invocations=23 (full 0):
 garbage-first heap   total 121856K, used 89524K [0x0000000080000000, 0x0000000100000000)
  region size 1024K, 22 young (22528K), 2 survivors (2048K)
 Metaspace       used 54169K, committed 54784K, reserved 1114112K
  class space    used 7247K, committed 7552K, reserved 1048576K
}
Event: 5.448 GC heap after
{Heap after GC invocations=24 (full 0):
 garbage-first heap   total 121856K, used 69753K [0x0000000080000000, 0x0000000100000000)
  region size 1024K, 1 young (1024K), 1 survivors (1024K)
 Metaspace       used 54169K, committed 54784K, reserved 1114112K
  class space    used 7247K, committed 7552K, reserved 1048576K
}
Event: 5.703 GC heap before
{Heap before GC invocations=25 (full 0):
 garbage-first heap   total 124928K, used 91257K [0x0000000080000000, 0x0000000100000000)
  region size 1024K, 22 young (22528K), 1 survivors (1024K)
 Metaspace       used 56904K, committed 57536K, reserved 1114112K
  class space    used 7705K, committed 8000K, reserved 1048576K
}
Event: 5.706 GC heap after
{Heap after GC invocations=26 (full 0):
 garbage-first heap   total 124928K, used 70808K [0x0000000080000000, 0x0000000100000000)
  region size 1024K, 2 young (2048K), 2 survivors (2048K)
 Metaspace       used 56904K, committed 57536K, reserved 1114112K
  class space    used 7705K, committed 8000K, reserved 1048576K
}
Event: 5.959 GC heap before
{Heap before GC invocations=26 (full 0):
 garbage-first heap   total 124928K, used 94360K [0x0000000080000000, 0x0000000100000000)
  region size 1024K, 25 young (25600K), 2 survivors (2048K)
 Metaspace       used 59143K, committed 59776K, reserved 1114112K
  class space    used 8082K, committed 8384K, reserved 1048576K
}
Event: 5.962 GC heap after
{Heap after GC invocations=27 (full 0):
 garbage-first heap   total 150528K, used 72652K [0x0000000080000000, 0x0000000100000000)
  region size 1024K, 4 young (4096K), 4 survivors (4096K)
 Metaspace       used 59143K, committed 59776K, reserved 1114112K
  class space    used 8082K, committed 8384K, reserved 1048576K
}
Event: 6.542 GC heap before
{Heap before GC invocations=28 (full 0):
 garbage-first heap   total 150528K, used 109516K [0x0000000080000000, 0x0000000100000000)
  region size 1024K, 41 young (41984K), 4 survivors (4096K)
 Metaspace       used 61927K, committed 62528K, reserved 1114112K
  class space    used 8477K, committed 8768K, reserved 1048576K
}
Event: 6.548 GC heap after
{Heap after GC invocations=29 (full 0):
 garbage-first heap   total 150528K, used 76092K [0x0000000080000000, 0x0000000100000000)
  region size 1024K, 6 young (6144K), 6 survivors (6144K)
 Metaspace       used 61927K, committed 62528K, reserved 1114112K
  class space    used 8477K, committed 8768K, reserved 1048576K
}
Event: 6.923 GC heap before
{Heap before GC invocations=29 (full 0):
 garbage-first heap   total 150528K, used 109884K [0x0000000080000000, 0x0000000100000000)
  region size 1024K, 41 young (41984K), 6 survivors (6144K)
 Metaspace       used 62428K, committed 63168K, reserved 1114112K
  class space    used 8500K, committed 8832K, reserved 1048576K
}
Event: 6.932 GC heap after
{Heap after GC invocations=30 (full 0):
 garbage-first heap   total 150528K, used 80079K [0x0000000080000000, 0x0000000100000000)
  region size 1024K, 5 young (5120K), 5 survivors (5120K)
 Metaspace       used 62428K, committed 63168K, reserved 1114112K
  class space    used 8500K, committed 8832K, reserved 1048576K
}
Event: 7.296 GC heap before
{Heap before GC invocations=31 (full 0):
 garbage-first heap   total 150528K, used 131279K [0x0000000080000000, 0x0000000100000000)
  region size 1024K, 41 young (41984K), 5 survivors (5120K)
 Metaspace       used 64376K, committed 65088K, reserved 1114112K
  class space    used 8758K, committed 9088K, reserved 1048576K
}
Event: 7.299 GC heap after
{Heap after GC invocations=32 (full 0):
 garbage-first heap   total 150528K, used 101376K [0x0000000080000000, 0x0000000100000000)
  region size 1024K, 6 young (6144K), 6 survivors (6144K)
 Metaspace       used 64376K, committed 65088K, reserved 1114112K
  class space    used 8758K, committed 9088K, reserved 1048576K
}
Event: 7.319 GC heap before
{Heap before GC invocations=32 (full 0):
 garbage-first heap   total 150528K, used 101376K [0x0000000080000000, 0x0000000100000000)
  region size 1024K, 7 young (7168K), 6 survivors (6144K)
 Metaspace       used 64494K, committed 65216K, reserved 1114112K
  class space    used 8774K, committed 9088K, reserved 1048576K
}
Event: 7.322 GC heap after
{Heap after GC invocations=33 (full 0):
 garbage-first heap   total 150528K, used 101332K [0x0000000080000000, 0x0000000100000000)
  region size 1024K, 1 young (1024K), 1 survivors (1024K)
 Metaspace       used 64494K, committed 65216K, reserved 1114112K
  class space    used 8774K, committed 9088K, reserved 1048576K
}
Event: 7.698 GC heap before
{Heap before GC invocations=33 (full 0):
 garbage-first heap   total 150528K, used 123860K [0x0000000080000000, 0x0000000100000000)
  region size 1024K, 23 young (23552K), 1 survivors (1024K)
 Metaspace       used 66293K, committed 67008K, reserved 1114112K
  class space    used 9011K, committed 9344K, reserved 1048576K
}
Event: 7.700 GC heap after
{Heap after GC invocations=34 (full 0):
 garbage-first heap   total 150528K, used 101511K [0x0000000080000000, 0x0000000100000000)
  region size 1024K, 1 young (1024K), 1 survivors (1024K)
 Metaspace       used 66293K, committed 67008K, reserved 1114112K
  class space    used 9011K, committed 9344K, reserved 1048576K
}

