# JRE version: OpenJDK Runtime Environment (17.0.11) (build 17.0.11+0--11852314)
# Java VM: OpenJDK 64-Bit Server VM (17.0.11+0--11852314, mixed mode, tiered, compressed oops, compressed class ptrs, g1 gc, windows-amd64)
GC Precious Log:
 CPUs: 4 total, 4 available
 Memory: 8126M
 Large Page Support: Disabled
 NUMA Support: Disabled
 Compressed Oops: Enabled (32-bit)
 Heap Region Size: 1M
 Heap Min Capacity: 8M
 Heap Initial Capacity: 128M
 Heap Max Capacity: 2G
 Pre-touch: Disabled
 Parallel Workers: 4
 Concurrent Workers: 1
 Concurrent Refinement Workers: 4
 Periodic GC: Disabled
Heap:
 garbage-first heap   total 131072K, used 71620K [0x0000000080000000, 0x0000000100000000)
  region size 1024K, 4 young (4096K), 4 survivors (4096K)
 Metaspace       used 59415K, committed 60032K, reserved 1114112K
  class space    used 8138K, committed 8384K, reserved 1048576K
GC Heap History (20 events):
Event: 3.988 GC heap after
{Heap after GC invocations=11 (full 0):
 garbage-first heap   total 98304K, used 42899K [0x0000000080000000, 0x0000000100000000)
  region size 1024K, 3 young (3072K), 3 survivors (3072K)
 Metaspace       used 42546K, committed 43008K, reserved 1114112K
  class space    used 5801K, committed 6016K, reserved 1048576K
}
Event: 4.263 GC heap before
{Heap before GC invocations=11 (full 0):
 garbage-first heap   total 98304K, used 75667K [0x0000000080000000, 0x0000000100000000)
  region size 1024K, 36 young (36864K), 3 survivors (3072K)
 Metaspace       used 45072K, committed 45504K, reserved 1114112K
  class space    used 6070K, committed 6272K, reserved 1048576K
}
Event: 4.268 GC heap after
{Heap after GC invocations=12 (full 0):
 garbage-first heap   total 98304K, used 46386K [0x0000000080000000, 0x0000000100000000)
  region size 1024K, 4 young (4096K), 4 survivors (4096K)
 Metaspace       used 45072K, committed 45504K, reserved 1114112K
  class space    used 6070K, committed 6272K, reserved 1048576K
}
Event: 4.272 GC heap before
{Heap before GC invocations=12 (full 0):
 garbage-first heap   total 98304K, used 47410K [0x0000000080000000, 0x0000000100000000)
  region size 1024K, 6 young (6144K), 4 survivors (4096K)
 Metaspace       used 45083K, committed 45504K, reserved 1114112K
  class space    used 6071K, committed 6272K, reserved 1048576K
}
Event: 4.274 GC heap after
{Heap after GC invocations=13 (full 0):
 garbage-first heap   total 98304K, used 47281K [0x0000000080000000, 0x0000000100000000)
  region size 1024K, 1 young (1024K), 1 survivors (1024K)
 Metaspace       used 45083K, committed 45504K, reserved 1114112K
  class space    used 6071K, committed 6272K, reserved 1048576K
}
Event: 4.852 GC heap before
{Heap before GC invocations=14 (full 0):
 garbage-first heap   total 98304K, used 82097K [0x0000000080000000, 0x0000000100000000)
  region size 1024K, 32 young (32768K), 1 survivors (1024K)
 Metaspace       used 49635K, committed 50048K, reserved 1114112K
  class space    used 6668K, committed 6848K, reserved 1048576K
}
Event: 4.855 GC heap after
{Heap after GC invocations=15 (full 0):
 garbage-first heap   total 98304K, used 48105K [0x0000000080000000, 0x0000000100000000)
  region size 1024K, 3 young (3072K), 3 survivors (3072K)
 Metaspace       used 49635K, committed 50048K, reserved 1114112K
  class space    used 6668K, committed 6848K, reserved 1048576K
}
Event: 5.135 GC heap before
{Heap before GC invocations=15 (full 0):
 garbage-first heap   total 98304K, used 59369K [0x0000000080000000, 0x0000000100000000)
  region size 1024K, 16 young (16384K), 3 survivors (3072K)
 Metaspace       used 50714K, committed 51200K, reserved 1114112K
  class space    used 6845K, committed 7040K, reserved 1048576K
}
Event: 5.138 GC heap after
{Heap after GC invocations=16 (full 0):
 garbage-first heap   total 98304K, used 50287K [0x0000000080000000, 0x0000000100000000)
  region size 1024K, 5 young (5120K), 5 survivors (5120K)
 Metaspace       used 50714K, committed 51200K, reserved 1114112K
  class space    used 6845K, committed 7040K, reserved 1048576K
}
Event: 5.284 GC heap before
{Heap before GC invocations=17 (full 0):
 garbage-first heap   total 101376K, used 63599K [0x0000000080000000, 0x0000000100000000)
  region size 1024K, 12 young (12288K), 5 survivors (5120K)
 Metaspace       used 50963K, committed 51456K, reserved 1114112K
  class space    used 6893K, committed 7104K, reserved 1048576K
}
Event: 5.289 GC heap after
{Heap after GC invocations=18 (full 0):
 garbage-first heap   total 101376K, used 60863K [0x0000000080000000, 0x0000000100000000)
  region size 1024K, 5 young (5120K), 5 survivors (5120K)
 Metaspace       used 50963K, committed 51456K, reserved 1114112K
  class space    used 6893K, committed 7104K, reserved 1048576K
}
Event: 5.404 GC heap before
{Heap before GC invocations=19 (full 0):
 garbage-first heap   total 112640K, used 70079K [0x0000000080000000, 0x0000000100000000)
  region size 1024K, 11 young (11264K), 5 survivors (5120K)
 Metaspace       used 51317K, committed 51776K, reserved 1114112K
  class space    used 6918K, committed 7104K, reserved 1048576K
}
Event: 5.408 GC heap after
{Heap after GC invocations=20 (full 0):
 garbage-first heap   total 112640K, used 67505K [0x0000000080000000, 0x0000000100000000)
  region size 1024K, 2 young (2048K), 2 survivors (2048K)
 Metaspace       used 51317K, committed 51776K, reserved 1114112K
  class space    used 6918K, committed 7104K, reserved 1048576K
}
Event: 5.688 GC heap before
{Heap before GC invocations=21 (full 0):
 garbage-first heap   total 121856K, used 84913K [0x0000000080000000, 0x0000000100000000)
  region size 1024K, 17 young (17408K), 2 survivors (2048K)
 Metaspace       used 53414K, committed 54016K, reserved 1114112K
  class space    used 7132K, committed 7424K, reserved 1048576K
}
Event: 5.690 GC heap after
{Heap after GC invocations=22 (full 0):
 garbage-first heap   total 121856K, used 67862K [0x0000000080000000, 0x0000000100000000)
  region size 1024K, 3 young (3072K), 3 survivors (3072K)
 Metaspace       used 53414K, committed 54016K, reserved 1114112K
  class space    used 7132K, committed 7424K, reserved 1048576K
}
Event: 5.870 GC heap before
{Heap before GC invocations=22 (full 0):
 garbage-first heap   total 121856K, used 88342K [0x0000000080000000, 0x0000000100000000)
  region size 1024K, 23 young (23552K), 3 survivors (3072K)
 Metaspace       used 54327K, committed 54912K, reserved 1114112K
  class space    used 7295K, committed 7616K, reserved 1048576K
}
Event: 5.872 GC heap after
{Heap after GC invocations=23 (full 0):
 garbage-first heap   total 121856K, used 68692K [0x0000000080000000, 0x0000000100000000)
  region size 1024K, 2 young (2048K), 2 survivors (2048K)
 Metaspace       used 54327K, committed 54912K, reserved 1114112K
  class space    used 7295K, committed 7616K, reserved 1048576K
}
Event: 6.209 GC heap before
{Heap before GC invocations=24 (full 0):
 garbage-first heap   total 121856K, used 91220K [0x0000000080000000, 0x0000000100000000)
  region size 1024K, 24 young (24576K), 2 survivors (2048K)
 Metaspace       used 57207K, committed 57856K, reserved 1114112K
  class space    used 7744K, committed 8064K, reserved 1048576K
}
Event: 6.214 GC heap after
{Heap after GC invocations=25 (full 0):
 garbage-first heap   total 121856K, used 69916K [0x0000000080000000, 0x0000000100000000)
  region size 1024K, 2 young (2048K), 2 survivors (2048K)
 Metaspace       used 57207K, committed 57856K, reserved 1114112K
  class space    used 7744K, committed 8064K, reserved 1048576K
}
Event: 6.677 GC heap before
{Heap before GC invocations=25 (full 0):
 garbage-first heap   total 121856K, used 93468K [0x0000000080000000, 0x0000000100000000)
  region size 1024K, 25 young (25600K), 2 survivors (2048K)
 Metaspace       used 59415K, committed 60032K, reserved 1114112K
  class space    used 8138K, committed 8384K, reserved 1048576K
}

