# JRE version: OpenJDK Runtime Environment (17.0.11) (build 17.0.11+0--11852314)
# Java VM: OpenJDK 64-Bit Server VM (17.0.11+0--11852314, mixed mode, tiered, compressed oops, compressed class ptrs, g1 gc, windows-amd64)
GC Precious Log:
 CPUs: 4 total, 4 available
 Memory: 8126M
 Large Page Support: Disabled
 NUMA Support: Disabled
 Compressed Oops: Enabled (32-bit)
 Heap Region Size: 1M
 Heap Min Capacity: 8M
 Heap Initial Capacity: 128M
 Heap Max Capacity: 2G
 Pre-touch: Disabled
 Parallel Workers: 4
 Concurrent Workers: 1
 Concurrent Refinement Workers: 4
 Periodic GC: Disabled
Heap:
 garbage-first heap   total 167936K, used 102480K [0x0000000080000000, 0x0000000100000000)
  region size 1024K, 2 young (2048K), 2 survivors (2048K)
 Metaspace       used 66647K, committed 67328K, reserved 1114112K
  class space    used 9032K, committed 9344K, reserved 1048576K
GC Heap History (20 events):
Event: 4.923 GC heap after
{Heap after GC invocations=22 (full 0):
 garbage-first heap   total 104448K, used 61974K [0x0000000080000000, 0x0000000100000000)
  region size 1024K, 3 young (3072K), 3 survivors (3072K)
 Metaspace       used 50976K, committed 51456K, reserved 1114112K
  class space    used 6895K, committed 7104K, reserved 1048576K
}
Event: 5.056 GC heap before
{Heap before GC invocations=23 (full 0):
 garbage-first heap   total 119808K, used 84502K [0x0000000080000000, 0x0000000100000000)
  region size 1024K, 18 young (18432K), 3 survivors (3072K)
 Metaspace       used 52864K, committed 53312K, reserved 1114112K
  class space    used 7042K, committed 7232K, reserved 1048576K
}
Event: 5.058 GC heap after
{Heap after GC invocations=24 (full 0):
 garbage-first heap   total 119808K, used 68634K [0x0000000080000000, 0x0000000100000000)
  region size 1024K, 2 young (2048K), 2 survivors (2048K)
 Metaspace       used 52864K, committed 53312K, reserved 1114112K
  class space    used 7042K, committed 7232K, reserved 1048576K
}
Event: 5.203 GC heap before
{Heap before GC invocations=24 (full 0):
 garbage-first heap   total 119808K, used 87066K [0x0000000080000000, 0x0000000100000000)
  region size 1024K, 21 young (21504K), 2 survivors (2048K)
 Metaspace       used 53665K, committed 54272K, reserved 1114112K
  class space    used 7171K, committed 7488K, reserved 1048576K
}
Event: 5.206 GC heap after
{Heap after GC invocations=25 (full 0):
 garbage-first heap   total 144384K, used 69121K [0x0000000080000000, 0x0000000100000000)
  region size 1024K, 1 young (1024K), 1 survivors (1024K)
 Metaspace       used 53665K, committed 54272K, reserved 1114112K
  class space    used 7171K, committed 7488K, reserved 1048576K
}
Event: 5.685 GC heap before
{Heap before GC invocations=26 (full 0):
 garbage-first heap   total 144384K, used 99841K [0x0000000080000000, 0x0000000100000000)
  region size 1024K, 31 young (31744K), 1 survivors (1024K)
 Metaspace       used 57480K, committed 58048K, reserved 1114112K
  class space    used 7786K, committed 8064K, reserved 1048576K
}
Event: 5.687 GC heap after
{Heap after GC invocations=27 (full 0):
 garbage-first heap   total 144384K, used 71081K [0x0000000080000000, 0x0000000100000000)
  region size 1024K, 3 young (3072K), 3 survivors (3072K)
 Metaspace       used 57480K, committed 58048K, reserved 1114112K
  class space    used 7786K, committed 8064K, reserved 1048576K
}
Event: 6.255 GC heap before
{Heap before GC invocations=27 (full 0):
 garbage-first heap   total 144384K, used 103849K [0x0000000080000000, 0x0000000100000000)
  region size 1024K, 35 young (35840K), 3 survivors (3072K)
 Metaspace       used 60570K, committed 61248K, reserved 1114112K
  class space    used 8317K, committed 8640K, reserved 1048576K
}
Event: 6.259 GC heap after
{Heap after GC invocations=28 (full 0):
 garbage-first heap   total 144384K, used 73257K [0x0000000080000000, 0x0000000100000000)
  region size 1024K, 5 young (5120K), 5 survivors (5120K)
 Metaspace       used 60570K, committed 61248K, reserved 1114112K
  class space    used 8317K, committed 8640K, reserved 1048576K
}
Event: 6.829 GC heap before
{Heap before GC invocations=29 (full 0):
 garbage-first heap   total 144384K, used 106025K [0x0000000080000000, 0x0000000100000000)
  region size 1024K, 38 young (38912K), 5 survivors (5120K)
 Metaspace       used 62071K, committed 62720K, reserved 1114112K
  class space    used 8484K, committed 8768K, reserved 1048576K
}
Event: 6.840 GC heap after
{Heap after GC invocations=30 (full 0):
 garbage-first heap   total 144384K, used 77692K [0x0000000080000000, 0x0000000100000000)
  region size 1024K, 5 young (5120K), 5 survivors (5120K)
 Metaspace       used 62071K, committed 62720K, reserved 1114112K
  class space    used 8484K, committed 8768K, reserved 1048576K
}
Event: 6.862 GC heap before
{Heap before GC invocations=30 (full 0):
 garbage-first heap   total 144384K, used 78716K [0x0000000080000000, 0x0000000100000000)
  region size 1024K, 7 young (7168K), 5 survivors (5120K)
 Metaspace       used 62107K, committed 62720K, reserved 1114112K
  class space    used 8484K, committed 8768K, reserved 1048576K
}
Event: 6.869 GC heap after
{Heap after GC invocations=31 (full 0):
 garbage-first heap   total 144384K, used 78351K [0x0000000080000000, 0x0000000100000000)
  region size 1024K, 1 young (1024K), 1 survivors (1024K)
 Metaspace       used 62107K, committed 62720K, reserved 1114112K
  class space    used 8484K, committed 8768K, reserved 1048576K
}
Event: 7.119 GC heap before
{Heap before GC invocations=31 (full 0):
 garbage-first heap   total 144384K, used 99855K [0x0000000080000000, 0x0000000100000000)
  region size 1024K, 23 young (23552K), 1 survivors (1024K)
 Metaspace       used 62399K, committed 63040K, reserved 1114112K
  class space    used 8503K, committed 8832K, reserved 1048576K
}
Event: 7.121 GC heap after
{Heap after GC invocations=32 (full 0):
 garbage-first heap   total 144384K, used 80639K [0x0000000080000000, 0x0000000100000000)
  region size 1024K, 4 young (4096K), 4 survivors (4096K)
 Metaspace       used 62399K, committed 63040K, reserved 1114112K
  class space    used 8503K, committed 8832K, reserved 1048576K
}
Event: 7.365 GC heap before
{Heap before GC invocations=33 (full 0):
 garbage-first heap   total 167936K, used 125695K [0x0000000080000000, 0x0000000100000000)
  region size 1024K, 34 young (34816K), 4 survivors (4096K)
 Metaspace       used 63909K, committed 64576K, reserved 1114112K
  class space    used 8710K, committed 9024K, reserved 1048576K
}
Event: 7.370 GC heap after
{Heap after GC invocations=34 (full 0):
 garbage-first heap   total 167936K, used 102317K [0x0000000080000000, 0x0000000100000000)
  region size 1024K, 5 young (5120K), 5 survivors (5120K)
 Metaspace       used 63909K, committed 64576K, reserved 1114112K
  class space    used 8710K, committed 9024K, reserved 1048576K
}
Event: 7.391 GC heap before
{Heap before GC invocations=34 (full 0):
 garbage-first heap   total 167936K, used 105389K [0x0000000080000000, 0x0000000100000000)
  region size 1024K, 8 young (8192K), 5 survivors (5120K)
 Metaspace       used 64154K, committed 64768K, reserved 1114112K
  class space    used 8737K, committed 9024K, reserved 1048576K
}
Event: 7.393 GC heap after
{Heap after GC invocations=35 (full 0):
 garbage-first heap   total 167936K, used 101795K [0x0000000080000000, 0x0000000100000000)
  region size 1024K, 1 young (1024K), 1 survivors (1024K)
 Metaspace       used 64154K, committed 64768K, reserved 1114112K
  class space    used 8737K, committed 9024K, reserved 1048576K
}
Event: 7.681 GC heap before
{Heap before GC invocations=35 (full 0):
 garbage-first heap   total 167936K, used 131491K [0x0000000080000000, 0x0000000100000000)
  region size 1024K, 30 young (30720K), 1 survivors (1024K)
 Metaspace       used 66647K, committed 67328K, reserved 1114112K
  class space    used 9032K, committed 9344K, reserved 1048576K
}

