# JRE version: OpenJDK Runtime Environment (17.0.11) (build 17.0.11+0--11852314)
# Java VM: OpenJDK 64-Bit Server VM (17.0.11+0--11852314, mixed mode, tiered, compressed oops, compressed class ptrs, g1 gc, windows-amd64)
GC Precious Log:
 CPUs: 4 total, 4 available
 Memory: 8126M
 Large Page Support: Disabled
 NUMA Support: Disabled
 Compressed Oops: Enabled (32-bit)
 Heap Region Size: 1M
 Heap Min Capacity: 8M
 Heap Initial Capacity: 128M
 Heap Max Capacity: 2G
 Pre-touch: Disabled
 Parallel Workers: 4
 Concurrent Workers: 1
 Concurrent Refinement Workers: 4
 Periodic GC: Disabled
Heap:
 garbage-first heap   total 131072K, used 76496K [0x0000000080000000, 0x0000000100000000)
  region size 1024K, 4 young (4096K), 4 survivors (4096K)
 Metaspace       used 62098K, committed 62720K, reserved 1114112K
  class space    used 8483K, committed 8768K, reserved 1048576K
GC Heap History (20 events):
Event: 5.226 GC heap after
{Heap after GC invocations=17 (full 0):
 garbage-first heap   total 91136K, used 45114K [0x0000000080000000, 0x0000000100000000)
  region size 1024K, 2 young (2048K), 2 survivors (2048K)
 Metaspace       used 44651K, committed 45056K, reserved 1114112K
  class space    used 6027K, committed 6208K, reserved 1048576K
}
Event: 5.346 GC heap before
{Heap before GC invocations=18 (full 0):
 garbage-first heap   total 91136K, used 51258K [0x0000000080000000, 0x0000000100000000)
  region size 1024K, 10 young (10240K), 2 survivors (2048K)
 Metaspace       used 45109K, committed 45568K, reserved 1114112K
  class space    used 6073K, committed 6272K, reserved 1048576K
}
Event: 5.347 GC heap after
{Heap after GC invocations=19 (full 0):
 garbage-first heap   total 91136K, used 46263K [0x0000000080000000, 0x0000000100000000)
  region size 1024K, 3 young (3072K), 3 survivors (3072K)
 Metaspace       used 45109K, committed 45568K, reserved 1114112K
  class space    used 6073K, committed 6272K, reserved 1048576K
}
Event: 5.721 GC heap before
{Heap before GC invocations=20 (full 0):
 garbage-first heap   total 92160K, used 75959K [0x0000000080000000, 0x0000000100000000)
  region size 1024K, 28 young (28672K), 3 survivors (3072K)
 Metaspace       used 49027K, committed 49536K, reserved 1114112K
  class space    used 6560K, committed 6784K, reserved 1048576K
}
Event: 5.724 GC heap after
{Heap after GC invocations=21 (full 0):
 garbage-first heap   total 92160K, used 47905K [0x0000000080000000, 0x0000000100000000)
  region size 1024K, 3 young (3072K), 3 survivors (3072K)
 Metaspace       used 49027K, committed 49536K, reserved 1114112K
  class space    used 6560K, committed 6784K, reserved 1048576K
}
Event: 6.228 GC heap before
{Heap before GC invocations=21 (full 0):
 garbage-first heap   total 92160K, used 67361K [0x0000000080000000, 0x0000000100000000)
  region size 1024K, 23 young (23552K), 3 survivors (3072K)
 Metaspace       used 50808K, committed 51264K, reserved 1114112K
  class space    used 6846K, committed 7040K, reserved 1048576K
}
Event: 6.232 GC heap after
{Heap after GC invocations=22 (full 0):
 garbage-first heap   total 92160K, used 50041K [0x0000000080000000, 0x0000000100000000)
  region size 1024K, 4 young (4096K), 4 survivors (4096K)
 Metaspace       used 50808K, committed 51264K, reserved 1114112K
  class space    used 6846K, committed 7040K, reserved 1048576K
}
Event: 6.334 GC heap before
{Heap before GC invocations=23 (full 0):
 garbage-first heap   total 102400K, used 63353K [0x0000000080000000, 0x0000000100000000)
  region size 1024K, 11 young (11264K), 4 survivors (4096K)
 Metaspace       used 51058K, committed 51520K, reserved 1114112K
  class space    used 6894K, committed 7104K, reserved 1048576K
}
Event: 6.339 GC heap after
{Heap after GC invocations=24 (full 0):
 garbage-first heap   total 102400K, used 60927K [0x0000000080000000, 0x0000000100000000)
  region size 1024K, 3 young (3072K), 3 survivors (3072K)
 Metaspace       used 51058K, committed 51520K, reserved 1114112K
  class space    used 6894K, committed 7104K, reserved 1048576K
}
Event: 6.472 GC heap before
{Heap before GC invocations=25 (full 0):
 garbage-first heap   total 119808K, used 81407K [0x0000000080000000, 0x0000000100000000)
  region size 1024K, 17 young (17408K), 3 survivors (3072K)
 Metaspace       used 52866K, committed 53312K, reserved 1114112K
  class space    used 7028K, committed 7232K, reserved 1048576K
}
Event: 6.474 GC heap after
{Heap after GC invocations=26 (full 0):
 garbage-first heap   total 119808K, used 68054K [0x0000000080000000, 0x0000000100000000)
  region size 1024K, 2 young (2048K), 2 survivors (2048K)
 Metaspace       used 52866K, committed 53312K, reserved 1114112K
  class space    used 7028K, committed 7232K, reserved 1048576K
}
Event: 6.622 GC heap before
{Heap before GC invocations=26 (full 0):
 garbage-first heap   total 119808K, used 87510K [0x0000000080000000, 0x0000000100000000)
  region size 1024K, 21 young (21504K), 2 survivors (2048K)
 Metaspace       used 53706K, committed 54272K, reserved 1114112K
  class space    used 7163K, committed 7424K, reserved 1048576K
}
Event: 6.624 GC heap after
{Heap after GC invocations=27 (full 0):
 garbage-first heap   total 119808K, used 68222K [0x0000000080000000, 0x0000000100000000)
  region size 1024K, 3 young (3072K), 3 survivors (3072K)
 Metaspace       used 53706K, committed 54272K, reserved 1114112K
  class space    used 7163K, committed 7424K, reserved 1048576K
}
Event: 6.895 GC heap before
{Heap before GC invocations=28 (full 0):
 garbage-first heap   total 122880K, used 88702K [0x0000000080000000, 0x0000000100000000)
  region size 1024K, 23 young (23552K), 3 survivors (3072K)
 Metaspace       used 55811K, committed 56384K, reserved 1114112K
  class space    used 7526K, committed 7808K, reserved 1048576K
}
Event: 6.899 GC heap after
{Heap after GC invocations=29 (full 0):
 garbage-first heap   total 122880K, used 69605K [0x0000000080000000, 0x0000000100000000)
  region size 1024K, 2 young (2048K), 2 survivors (2048K)
 Metaspace       used 55811K, committed 56384K, reserved 1114112K
  class space    used 7526K, committed 7808K, reserved 1048576K
}
Event: 7.161 GC heap before
{Heap before GC invocations=29 (full 0):
 garbage-first heap   total 122880K, used 93157K [0x0000000080000000, 0x0000000100000000)
  region size 1024K, 25 young (25600K), 2 survivors (2048K)
 Metaspace       used 58499K, committed 59136K, reserved 1114112K
  class space    used 7958K, committed 8256K, reserved 1048576K
}
Event: 7.164 GC heap after
{Heap after GC invocations=30 (full 0):
 garbage-first heap   total 122880K, used 71633K [0x0000000080000000, 0x0000000100000000)
  region size 1024K, 4 young (4096K), 4 survivors (4096K)
 Metaspace       used 58499K, committed 59136K, reserved 1114112K
  class space    used 7958K, committed 8256K, reserved 1048576K
}
Event: 7.457 GC heap before
{Heap before GC invocations=31 (full 0):
 garbage-first heap   total 126976K, used 95185K [0x0000000080000000, 0x0000000100000000)
  region size 1024K, 27 young (27648K), 4 survivors (4096K)
 Metaspace       used 60974K, committed 61568K, reserved 1114112K
  class space    used 8366K, committed 8640K, reserved 1048576K
}
Event: 7.461 GC heap after
{Heap after GC invocations=32 (full 0):
 garbage-first heap   total 126976K, used 72923K [0x0000000080000000, 0x0000000100000000)
  region size 1024K, 4 young (4096K), 4 survivors (4096K)
 Metaspace       used 60974K, committed 61568K, reserved 1114112K
  class space    used 8366K, committed 8640K, reserved 1048576K
}
Event: 7.953 GC heap before
{Heap before GC invocations=32 (full 0):
 garbage-first heap   total 126976K, used 97499K [0x0000000080000000, 0x0000000100000000)
  region size 1024K, 29 young (29696K), 4 survivors (4096K)
 Metaspace       used 62098K, committed 62720K, reserved 1114112K
  class space    used 8483K, committed 8768K, reserved 1048576K
}

