# JRE version: OpenJDK Runtime Environment (17.0.11) (build 17.0.11+0--11852314)
# Java VM: OpenJDK 64-Bit Server VM (17.0.11+0--11852314, mixed mode, tiered, compressed oops, compressed class ptrs, g1 gc, windows-amd64)
GC Precious Log:
 CPUs: 4 total, 4 available
 Memory: 8126M
 Large Page Support: Disabled
 NUMA Support: Disabled
 Compressed Oops: Enabled (32-bit)
 Heap Region Size: 1M
 Heap Min Capacity: 8M
 Heap Initial Capacity: 128M
 Heap Max Capacity: 2G
 Pre-touch: Disabled
 Parallel Workers: 4
 Concurrent Workers: 1
 Concurrent Refinement Workers: 4
 Periodic GC: Disabled
Heap:
 garbage-first heap   total 177152K, used 106188K [0x0000000080000000, 0x0000000100000000)
  region size 1024K, 5 young (5120K), 1 survivors (1024K)
 Metaspace       used 69139K, committed 69824K, reserved 1114112K
  class space    used 9332K, committed 9664K, reserved 1048576K
GC Heap History (20 events):
Event: 4.559 GC heap before
{Heap before GC invocations=15 (full 0):
 garbage-first heap   total 104448K, used 68959K [0x0000000080000000, 0x0000000100000000)
  region size 1024K, 23 young (23552K), 3 survivors (3072K)
 Metaspace       used 50777K, committed 51264K, reserved 1114112K
  class space    used 6845K, committed 7040K, reserved 1048576K
}
Event: 4.563 GC heap after
{Heap after GC invocations=16 (full 0):
 garbage-first heap   total 104448K, used 51842K [0x0000000080000000, 0x0000000100000000)
  region size 1024K, 3 young (3072K), 3 survivors (3072K)
 Metaspace       used 50777K, committed 51264K, reserved 1114112K
  class space    used 6845K, committed 7040K, reserved 1048576K
}
Event: 4.652 GC heap before
{Heap before GC invocations=17 (full 0):
 garbage-first heap   total 107520K, used 65154K [0x0000000080000000, 0x0000000100000000)
  region size 1024K, 10 young (10240K), 3 survivors (3072K)
 Metaspace       used 50997K, committed 51520K, reserved 1114112K
  class space    used 6892K, committed 7104K, reserved 1048576K
}
Event: 4.655 GC heap after
{Heap after GC invocations=18 (full 0):
 garbage-first heap   total 107520K, used 62266K [0x0000000080000000, 0x0000000100000000)
  region size 1024K, 3 young (3072K), 3 survivors (3072K)
 Metaspace       used 50997K, committed 51520K, reserved 1114112K
  class space    used 6892K, committed 7104K, reserved 1048576K
}
Event: 4.810 GC heap before
{Heap before GC invocations=19 (full 0):
 garbage-first heap   total 128000K, used 84794K [0x0000000080000000, 0x0000000100000000)
  region size 1024K, 19 young (19456K), 3 survivors (3072K)
 Metaspace       used 52985K, committed 53504K, reserved 1114112K
  class space    used 7053K, committed 7296K, reserved 1048576K
}
Event: 4.813 GC heap after
{Heap after GC invocations=20 (full 0):
 garbage-first heap   total 128000K, used 69288K [0x0000000080000000, 0x0000000100000000)
  region size 1024K, 2 young (2048K), 2 survivors (2048K)
 Metaspace       used 52985K, committed 53504K, reserved 1114112K
  class space    used 7053K, committed 7296K, reserved 1048576K
}
Event: 4.971 GC heap before
{Heap before GC invocations=20 (full 0):
 garbage-first heap   total 128000K, used 90792K [0x0000000080000000, 0x0000000100000000)
  region size 1024K, 24 young (24576K), 2 survivors (2048K)
 Metaspace       used 54120K, committed 54720K, reserved 1114112K
  class space    used 7243K, committed 7552K, reserved 1048576K
}
Event: 4.973 GC heap after
{Heap after GC invocations=21 (full 0):
 garbage-first heap   total 177152K, used 70107K [0x0000000080000000, 0x0000000100000000)
  region size 1024K, 1 young (1024K), 1 survivors (1024K)
 Metaspace       used 54120K, committed 54720K, reserved 1114112K
  class space    used 7243K, committed 7552K, reserved 1048576K
}
Event: 5.729 GC heap before
{Heap before GC invocations=22 (full 0):
 garbage-first heap   total 177152K, used 116187K [0x0000000080000000, 0x0000000100000000)
  region size 1024K, 46 young (47104K), 1 survivors (1024K)
 Metaspace       used 59169K, committed 59776K, reserved 1114112K
  class space    used 8090K, committed 8384K, reserved 1048576K
}
Event: 5.733 GC heap after
{Heap after GC invocations=23 (full 0):
 garbage-first heap   total 177152K, used 72959K [0x0000000080000000, 0x0000000100000000)
  region size 1024K, 4 young (4096K), 4 survivors (4096K)
 Metaspace       used 59169K, committed 59776K, reserved 1114112K
  class space    used 8090K, committed 8384K, reserved 1048576K
}
Event: 6.515 GC heap before
{Heap before GC invocations=23 (full 0):
 garbage-first heap   total 177152K, used 120063K [0x0000000080000000, 0x0000000100000000)
  region size 1024K, 51 young (52224K), 4 survivors (4096K)
 Metaspace       used 62055K, committed 62656K, reserved 1114112K
  class space    used 8479K, committed 8768K, reserved 1048576K
}
Event: 6.522 GC heap after
{Heap after GC invocations=24 (full 0):
 garbage-first heap   total 177152K, used 78612K [0x0000000080000000, 0x0000000100000000)
  region size 1024K, 7 young (7168K), 7 survivors (7168K)
 Metaspace       used 62055K, committed 62656K, reserved 1114112K
  class space    used 8479K, committed 8768K, reserved 1048576K
}
Event: 6.749 GC heap before
{Heap before GC invocations=24 (full 0):
 garbage-first heap   total 177152K, used 115476K [0x0000000080000000, 0x0000000100000000)
  region size 1024K, 37 young (37888K), 7 survivors (7168K)
 Metaspace       used 62429K, committed 63104K, reserved 1114112K
  class space    used 8507K, committed 8832K, reserved 1048576K
}
Event: 6.756 GC heap after
{Heap after GC invocations=25 (full 0):
 garbage-first heap   total 177152K, used 92242K [0x0000000080000000, 0x0000000100000000)
  region size 1024K, 7 young (7168K), 7 survivors (7168K)
 Metaspace       used 62429K, committed 63104K, reserved 1114112K
  class space    used 8507K, committed 8832K, reserved 1048576K
}
Event: 7.040 GC heap before
{Heap before GC invocations=26 (full 0):
 garbage-first heap   total 177152K, used 139346K [0x0000000080000000, 0x0000000100000000)
  region size 1024K, 46 young (47104K), 7 survivors (7168K)
 Metaspace       used 65028K, committed 65728K, reserved 1114112K
  class space    used 8865K, committed 9216K, reserved 1048576K
}
Event: 7.044 GC heap after
{Heap after GC invocations=27 (full 0):
 garbage-first heap   total 177152K, used 103147K [0x0000000080000000, 0x0000000100000000)
  region size 1024K, 5 young (5120K), 5 survivors (5120K)
 Metaspace       used 65028K, committed 65728K, reserved 1114112K
  class space    used 8865K, committed 9216K, reserved 1048576K
}
Event: 7.066 GC heap before
{Heap before GC invocations=27 (full 0):
 garbage-first heap   total 177152K, used 106219K [0x0000000080000000, 0x0000000100000000)
  region size 1024K, 8 young (8192K), 5 survivors (5120K)
 Metaspace       used 65277K, committed 65984K, reserved 1114112K
  class space    used 8900K, committed 9216K, reserved 1048576K
}
Event: 7.068 GC heap after
{Heap after GC invocations=28 (full 0):
 garbage-first heap   total 177152K, used 102748K [0x0000000080000000, 0x0000000100000000)
  region size 1024K, 1 young (1024K), 1 survivors (1024K)
 Metaspace       used 65277K, committed 65984K, reserved 1114112K
  class space    used 8900K, committed 9216K, reserved 1048576K
}
Event: 7.427 GC heap before
{Heap before GC invocations=28 (full 0):
 garbage-first heap   total 177152K, used 137564K [0x0000000080000000, 0x0000000100000000)
  region size 1024K, 35 young (35840K), 1 survivors (1024K)
 Metaspace       used 68736K, committed 69440K, reserved 1114112K
  class space    used 9274K, committed 9600K, reserved 1048576K
}
Event: 7.429 GC heap after
{Heap after GC invocations=29 (full 0):
 garbage-first heap   total 177152K, used 103116K [0x0000000080000000, 0x0000000100000000)
  region size 1024K, 1 young (1024K), 1 survivors (1024K)
 Metaspace       used 68736K, committed 69440K, reserved 1114112K
  class space    used 9274K, committed 9600K, reserved 1048576K
}

