# JRE version: OpenJDK Runtime Environment (17.0.11) (build 17.0.11+0--11852314)
# Java VM: OpenJDK 64-Bit Server VM (17.0.11+0--11852314, mixed mode, tiered, compressed oops, compressed class ptrs, g1 gc, windows-amd64)
GC Precious Log:
 CPUs: 4 total, 4 available
 Memory: 8126M
 Large Page Support: Disabled
 NUMA Support: Disabled
 Compressed Oops: Enabled (32-bit)
 Heap Region Size: 1M
 Heap Min Capacity: 8M
 Heap Initial Capacity: 128M
 Heap Max Capacity: 2G
 Pre-touch: Disabled
 Parallel Workers: 4
 Concurrent Workers: 1
 Concurrent Refinement Workers: 4
 Periodic GC: Disabled
Heap:
 garbage-first heap   total 153600K, used 103348K [0x0000000080000000, 0x0000000100000000)
  region size 1024K, 5 young (5120K), 1 survivors (1024K)
 Metaspace       used 66539K, committed 67264K, reserved 1114112K
  class space    used 9022K, committed 9344K, reserved 1048576K
GC Heap History (20 events):
Event: 4.472 GC heap before
{Heap before GC invocations=16 (full 0):
 garbage-first heap   total 91136K, used 66386K [0x0000000080000000, 0x0000000100000000)
  region size 1024K, 24 young (24576K), 4 survivors (4096K)
 Metaspace       used 50726K, committed 51136K, reserved 1114112K
  class space    used 6843K, committed 7040K, reserved 1048576K
}
Event: 4.477 GC heap after
{Heap after GC invocations=17 (full 0):
 garbage-first heap   total 91136K, used 50125K [0x0000000080000000, 0x0000000100000000)
  region size 1024K, 4 young (4096K), 4 survivors (4096K)
 Metaspace       used 50726K, committed 51136K, reserved 1114112K
  class space    used 6843K, committed 7040K, reserved 1048576K
}
Event: 4.550 GC heap before
{Heap before GC invocations=18 (full 0):
 garbage-first heap   total 102400K, used 63437K [0x0000000080000000, 0x0000000100000000)
  region size 1024K, 11 young (11264K), 4 survivors (4096K)
 Metaspace       used 50981K, committed 51456K, reserved 1114112K
  class space    used 6890K, committed 7104K, reserved 1048576K
}
Event: 4.553 GC heap after
{Heap after GC invocations=19 (full 0):
 garbage-first heap   total 102400K, used 61371K [0x0000000080000000, 0x0000000100000000)
  region size 1024K, 3 young (3072K), 3 survivors (3072K)
 Metaspace       used 50981K, committed 51456K, reserved 1114112K
  class space    used 6890K, committed 7104K, reserved 1048576K
}
Event: 4.759 GC heap before
{Heap before GC invocations=20 (full 0):
 garbage-first heap   total 122880K, used 83899K [0x0000000080000000, 0x0000000100000000)
  region size 1024K, 18 young (18432K), 3 survivors (3072K)
 Metaspace       used 52878K, committed 53312K, reserved 1114112K
  class space    used 7036K, committed 7232K, reserved 1048576K
}
Event: 4.762 GC heap after
{Heap after GC invocations=21 (full 0):
 garbage-first heap   total 122880K, used 67397K [0x0000000080000000, 0x0000000100000000)
  region size 1024K, 2 young (2048K), 2 survivors (2048K)
 Metaspace       used 52878K, committed 53312K, reserved 1114112K
  class space    used 7036K, committed 7232K, reserved 1048576K
}
Event: 4.977 GC heap before
{Heap before GC invocations=21 (full 0):
 garbage-first heap   total 122880K, used 87877K [0x0000000080000000, 0x0000000100000000)
  region size 1024K, 22 young (22528K), 2 survivors (2048K)
 Metaspace       used 53736K, committed 54336K, reserved 1114112K
  class space    used 7169K, committed 7488K, reserved 1048576K
}
Event: 4.979 GC heap after
{Heap after GC invocations=22 (full 0):
 garbage-first heap   total 147456K, used 68243K [0x0000000080000000, 0x0000000100000000)
  region size 1024K, 1 young (1024K), 1 survivors (1024K)
 Metaspace       used 53736K, committed 54336K, reserved 1114112K
  class space    used 7169K, committed 7488K, reserved 1048576K
}
Event: 5.413 GC heap before
{Heap before GC invocations=23 (full 0):
 garbage-first heap   total 147456K, used 102035K [0x0000000080000000, 0x0000000100000000)
  region size 1024K, 34 young (34816K), 1 survivors (1024K)
 Metaspace       used 57893K, committed 58496K, reserved 1114112K
  class space    used 7853K, committed 8128K, reserved 1048576K
}
Event: 5.417 GC heap after
{Heap after GC invocations=24 (full 0):
 garbage-first heap   total 147456K, used 70199K [0x0000000080000000, 0x0000000100000000)
  region size 1024K, 3 young (3072K), 3 survivors (3072K)
 Metaspace       used 57893K, committed 58496K, reserved 1114112K
  class space    used 7853K, committed 8128K, reserved 1048576K
}
Event: 5.919 GC heap before
{Heap before GC invocations=24 (full 0):
 garbage-first heap   total 147456K, used 105015K [0x0000000080000000, 0x0000000100000000)
  region size 1024K, 37 young (37888K), 3 survivors (3072K)
 Metaspace       used 61304K, committed 61952K, reserved 1114112K
  class space    used 8428K, committed 8704K, reserved 1048576K
}
Event: 5.924 GC heap after
{Heap after GC invocations=25 (full 0):
 garbage-first heap   total 147456K, used 72595K [0x0000000080000000, 0x0000000100000000)
  region size 1024K, 5 young (5120K), 5 survivors (5120K)
 Metaspace       used 61304K, committed 61952K, reserved 1114112K
  class space    used 8428K, committed 8704K, reserved 1048576K
}
Event: 6.387 GC heap before
{Heap before GC invocations=26 (full 0):
 garbage-first heap   total 147456K, used 107411K [0x0000000080000000, 0x0000000100000000)
  region size 1024K, 40 young (40960K), 5 survivors (5120K)
 Metaspace       used 62132K, committed 62784K, reserved 1114112K
  class space    used 8478K, committed 8768K, reserved 1048576K
}
Event: 6.394 GC heap after
{Heap after GC invocations=27 (full 0):
 garbage-first heap   total 147456K, used 77252K [0x0000000080000000, 0x0000000100000000)
  region size 1024K, 5 young (5120K), 5 survivors (5120K)
 Metaspace       used 62132K, committed 62784K, reserved 1114112K
  class space    used 8478K, committed 8768K, reserved 1048576K
}
Event: 6.509 GC heap before
{Heap before GC invocations=27 (full 0):
 garbage-first heap   total 147456K, used 92612K [0x0000000080000000, 0x0000000100000000)
  region size 1024K, 21 young (21504K), 5 survivors (5120K)
 Metaspace       used 62349K, committed 63040K, reserved 1114112K
  class space    used 8498K, committed 8832K, reserved 1048576K
}
Event: 6.514 GC heap after
{Heap after GC invocations=28 (full 0):
 garbage-first heap   total 147456K, used 79050K [0x0000000080000000, 0x0000000100000000)
  region size 1024K, 3 young (3072K), 3 survivors (3072K)
 Metaspace       used 62349K, committed 63040K, reserved 1114112K
  class space    used 8498K, committed 8832K, reserved 1048576K
}
Event: 6.749 GC heap before
{Heap before GC invocations=29 (full 0):
 garbage-first heap   total 153600K, used 127178K [0x0000000080000000, 0x0000000100000000)
  region size 1024K, 36 young (36864K), 3 survivors (3072K)
 Metaspace       used 64119K, committed 64768K, reserved 1114112K
  class space    used 8734K, committed 9024K, reserved 1048576K
}
Event: 6.753 GC heap after
{Heap after GC invocations=30 (full 0):
 garbage-first heap   total 153600K, used 101006K [0x0000000080000000, 0x0000000100000000)
  region size 1024K, 5 young (5120K), 5 survivors (5120K)
 Metaspace       used 64119K, committed 64768K, reserved 1114112K
  class space    used 8734K, committed 9024K, reserved 1048576K
}
Event: 6.766 GC heap before
{Heap before GC invocations=30 (full 0):
 garbage-first heap   total 153600K, used 103054K [0x0000000080000000, 0x0000000100000000)
  region size 1024K, 7 young (7168K), 5 survivors (5120K)
 Metaspace       used 64268K, committed 64960K, reserved 1114112K
  class space    used 8752K, committed 9088K, reserved 1048576K
}
Event: 6.768 GC heap after
{Heap after GC invocations=31 (full 0):
 garbage-first heap   total 153600K, used 100968K [0x0000000080000000, 0x0000000100000000)
  region size 1024K, 1 young (1024K), 1 survivors (1024K)
 Metaspace       used 64268K, committed 64960K, reserved 1114112K
  class space    used 8752K, committed 9088K, reserved 1048576K
}

