# JRE version: OpenJDK Runtime Environment (17.0.11) (build 17.0.11+0--11852314)
# Java VM: OpenJDK 64-Bit Server VM (17.0.11+0--11852314, mixed mode, tiered, compressed oops, compressed class ptrs, g1 gc, windows-amd64)
GC Precious Log:
 CPUs: 4 total, 4 available
 Memory: 8126M
 Large Page Support: Disabled
 NUMA Support: Disabled
 Compressed Oops: Enabled (32-bit)
 Heap Region Size: 1M
 Heap Min Capacity: 8M
 Heap Initial Capacity: 128M
 Heap Max Capacity: 2G
 Pre-touch: Disabled
 Parallel Workers: 4
 Concurrent Workers: 1
 Concurrent Refinement Workers: 4
 Periodic GC: Disabled
Heap:
 garbage-first heap   total 189440K, used 115289K [0x0000000080000000, 0x0000000100000000)
  region size 1024K, 3 young (3072K), 3 survivors (3072K)
 Metaspace       used 78911K, committed 79616K, reserved 1179648K
  class space    used 10698K, committed 11008K, reserved 1048576K
GC Heap History (20 events):
Event: 7.886 GC heap after
{Heap after GC invocations=32 (full 0):
 garbage-first heap   total 146432K, used 77525K [0x0000000080000000, 0x0000000100000000)
  region size 1024K, 5 young (5120K), 5 survivors (5120K)
 Metaspace       used 62113K, committed 62720K, reserved 1114112K
  class space    used 8481K, committed 8768K, reserved 1048576K
}
Event: 8.092 GC heap before
{Heap before GC invocations=32 (full 0):
 garbage-first heap   total 146432K, used 99029K [0x0000000080000000, 0x0000000100000000)
  region size 1024K, 28 young (28672K), 5 survivors (5120K)
 Metaspace       used 62396K, committed 63040K, reserved 1114112K
  class space    used 8501K, committed 8832K, reserved 1048576K
}
Event: 8.097 GC heap after
{Heap after GC invocations=33 (full 0):
 garbage-first heap   total 146432K, used 79858K [0x0000000080000000, 0x0000000100000000)
  region size 1024K, 4 young (4096K), 4 survivors (4096K)
 Metaspace       used 62396K, committed 63040K, reserved 1114112K
  class space    used 8501K, committed 8832K, reserved 1048576K
}
Event: 8.887 GC heap before
{Heap before GC invocations=34 (full 0):
 garbage-first heap   total 146432K, used 125938K [0x0000000080000000, 0x0000000100000000)
  region size 1024K, 35 young (35840K), 4 survivors (4096K)
 Metaspace       used 63965K, committed 64640K, reserved 1114112K
  class space    used 8718K, committed 9024K, reserved 1048576K
}
Event: 8.891 GC heap after
{Heap after GC invocations=35 (full 0):
 garbage-first heap   total 146432K, used 101153K [0x0000000080000000, 0x0000000100000000)
  region size 1024K, 5 young (5120K), 5 survivors (5120K)
 Metaspace       used 63965K, committed 64640K, reserved 1114112K
  class space    used 8718K, committed 9024K, reserved 1048576K
}
Event: 8.914 GC heap before
{Heap before GC invocations=35 (full 0):
 garbage-first heap   total 146432K, used 103201K [0x0000000080000000, 0x0000000100000000)
  region size 1024K, 7 young (7168K), 5 survivors (5120K)
 Metaspace       used 64154K, committed 64832K, reserved 1114112K
  class space    used 8734K, committed 9024K, reserved 1048576K
}
Event: 8.918 GC heap after
{Heap after GC invocations=36 (full 0):
 garbage-first heap   total 146432K, used 101644K [0x0000000080000000, 0x0000000100000000)
  region size 1024K, 1 young (1024K), 1 survivors (1024K)
 Metaspace       used 64154K, committed 64832K, reserved 1114112K
  class space    used 8734K, committed 9024K, reserved 1048576K
}
Event: 9.111 GC heap before
{Heap before GC invocations=36 (full 0):
 garbage-first heap   total 146432K, used 119052K [0x0000000080000000, 0x0000000100000000)
  region size 1024K, 19 young (19456K), 1 survivors (1024K)
 Metaspace       used 65574K, committed 66240K, reserved 1114112K
  class space    used 8935K, committed 9280K, reserved 1048576K
}
Event: 9.112 GC heap after
{Heap after GC invocations=37 (full 0):
 garbage-first heap   total 146432K, used 101650K [0x0000000080000000, 0x0000000100000000)
  region size 1024K, 1 young (1024K), 1 survivors (1024K)
 Metaspace       used 65574K, committed 66240K, reserved 1114112K
  class space    used 8935K, committed 9280K, reserved 1048576K
}
Event: 9.366 GC heap before
{Heap before GC invocations=38 (full 0):
 garbage-first heap   total 178176K, used 121106K [0x0000000080000000, 0x0000000100000000)
  region size 1024K, 21 young (21504K), 1 survivors (1024K)
 Metaspace       used 67543K, committed 68288K, reserved 1114112K
  class space    used 9134K, committed 9472K, reserved 1048576K
}
Event: 9.368 GC heap after
{Heap after GC invocations=39 (full 0):
 garbage-first heap   total 178176K, used 102097K [0x0000000080000000, 0x0000000100000000)
  region size 1024K, 1 young (1024K), 1 survivors (1024K)
 Metaspace       used 67543K, committed 68288K, reserved 1114112K
  class space    used 9134K, committed 9472K, reserved 1048576K
}
Event: 9.452 GC heap before
{Heap before GC invocations=39 (full 0):
 garbage-first heap   total 178176K, used 108241K [0x0000000080000000, 0x0000000100000000)
  region size 1024K, 8 young (8192K), 1 survivors (1024K)
 Metaspace       used 68450K, committed 69184K, reserved 1114112K
  class space    used 9237K, committed 9600K, reserved 1048576K
}
Event: 9.454 GC heap after
{Heap after GC invocations=40 (full 0):
 garbage-first heap   total 178176K, used 101712K [0x0000000080000000, 0x0000000100000000)
  region size 1024K, 1 young (1024K), 1 survivors (1024K)
 Metaspace       used 68450K, committed 69184K, reserved 1114112K
  class space    used 9237K, committed 9600K, reserved 1048576K
}
Event: 9.980 GC heap before
{Heap before GC invocations=40 (full 0):
 garbage-first heap   total 178176K, used 145744K [0x0000000080000000, 0x0000000100000000)
  region size 1024K, 39 young (39936K), 1 survivors (1024K)
 Metaspace       used 71857K, committed 72576K, reserved 1114112K
  class space    used 9716K, committed 10048K, reserved 1048576K
}
Event: 9.984 GC heap after
{Heap after GC invocations=41 (full 0):
 garbage-first heap   total 178176K, used 107083K [0x0000000080000000, 0x0000000100000000)
  region size 1024K, 5 young (5120K), 5 survivors (5120K)
 Metaspace       used 71857K, committed 72576K, reserved 1114112K
  class space    used 9716K, committed 10048K, reserved 1048576K
}
Event: 10.355 GC heap before
{Heap before GC invocations=42 (full 0):
 garbage-first heap   total 189440K, used 142923K [0x0000000080000000, 0x0000000100000000)
  region size 1024K, 40 young (40960K), 5 survivors (5120K)
 Metaspace       used 74390K, committed 75072K, reserved 1114112K
  class space    used 10072K, committed 10368K, reserved 1048576K
}
Event: 10.359 GC heap after
{Heap after GC invocations=43 (full 0):
 garbage-first heap   total 189440K, used 108950K [0x0000000080000000, 0x0000000100000000)
  region size 1024K, 2 young (2048K), 2 survivors (2048K)
 Metaspace       used 74390K, committed 75072K, reserved 1114112K
  class space    used 10072K, committed 10368K, reserved 1048576K
}
Event: 10.418 GC heap before
{Heap before GC invocations=43 (full 0):
 garbage-first heap   total 189440K, used 116118K [0x0000000080000000, 0x0000000100000000)
  region size 1024K, 9 young (9216K), 2 survivors (2048K)
 Metaspace       used 74845K, committed 75520K, reserved 1114112K
  class space    used 10131K, committed 10432K, reserved 1048576K
}
Event: 10.420 GC heap after
{Heap after GC invocations=44 (full 0):
 garbage-first heap   total 189440K, used 109048K [0x0000000080000000, 0x0000000100000000)
  region size 1024K, 1 young (1024K), 1 survivors (1024K)
 Metaspace       used 74845K, committed 75520K, reserved 1114112K
  class space    used 10131K, committed 10432K, reserved 1048576K
}
Event: 10.989 GC heap before
{Heap before GC invocations=44 (full 0):
 garbage-first heap   total 189440K, used 156152K [0x0000000080000000, 0x0000000100000000)
  region size 1024K, 44 young (45056K), 1 survivors (1024K)
 Metaspace       used 78911K, committed 79616K, reserved 1179648K
  class space    used 10698K, committed 11008K, reserved 1048576K
}

