# JRE version: OpenJDK Runtime Environment (17.0.11) (build 17.0.11+0--11852314)
# Java VM: OpenJDK 64-Bit Server VM (17.0.11+0--11852314, mixed mode, tiered, compressed oops, compressed class ptrs, g1 gc, windows-amd64)
GC Precious Log:
 CPUs: 4 total, 4 available
 Memory: 8126M
 Large Page Support: Disabled
 NUMA Support: Disabled
 Compressed Oops: Enabled (32-bit)
 Heap Region Size: 1M
 Heap Min Capacity: 8M
 Heap Initial Capacity: 128M
 Heap Max Capacity: 2G
 Pre-touch: Disabled
 Parallel Workers: 4
 Concurrent Workers: 1
 Concurrent Refinement Workers: 4
 Periodic GC: Disabled
Heap:
 garbage-first heap   total 160768K, used 61767K [0x0000000080000000, 0x0000000100000000)
  region size 1024K, 6 young (6144K), 3 survivors (3072K)
 Metaspace       used 50814K, committed 51264K, reserved 1114112K
  class space    used 6861K, committed 7040K, reserved 1048576K
GC Heap History (20 events):
Event: 2.452 GC heap before
{Heap before GC invocations=6 (full 0):
 garbage-first heap   total 68608K, used 22029K [0x0000000080000000, 0x0000000100000000)
  region size 1024K, 3 young (3072K), 2 survivors (2048K)
 Metaspace       used 26673K, committed 26944K, reserved 1114112K
  class space    used 3395K, committed 3520K, reserved 1048576K
}
Event: 2.454 GC heap after
{Heap after GC invocations=7 (full 0):
 garbage-first heap   total 68608K, used 21231K [0x0000000080000000, 0x0000000100000000)
  region size 1024K, 1 young (1024K), 1 survivors (1024K)
 Metaspace       used 26673K, committed 26944K, reserved 1114112K
  class space    used 3395K, committed 3520K, reserved 1048576K
}
Event: 2.845 GC heap before
{Heap before GC invocations=7 (full 0):
 garbage-first heap   total 68608K, used 48879K [0x0000000080000000, 0x0000000100000000)
  region size 1024K, 28 young (28672K), 1 survivors (1024K)
 Metaspace       used 30299K, committed 30656K, reserved 1114112K
  class space    used 4003K, committed 4160K, reserved 1048576K
}
Event: 2.848 GC heap after
{Heap after GC invocations=8 (full 0):
 garbage-first heap   total 68608K, used 22830K [0x0000000080000000, 0x0000000100000000)
  region size 1024K, 2 young (2048K), 2 survivors (2048K)
 Metaspace       used 30299K, committed 30656K, reserved 1114112K
  class space    used 4003K, committed 4160K, reserved 1048576K
}
Event: 3.030 GC heap before
{Heap before GC invocations=8 (full 0):
 garbage-first heap   total 68608K, used 44334K [0x0000000080000000, 0x0000000100000000)
  region size 1024K, 17 young (17408K), 2 survivors (2048K)
 Metaspace       used 32079K, committed 32448K, reserved 1114112K
  class space    used 4330K, committed 4480K, reserved 1048576K
}
Event: 3.033 GC heap after
{Heap after GC invocations=9 (full 0):
 garbage-first heap   total 68608K, used 34308K [0x0000000080000000, 0x0000000100000000)
  region size 1024K, 4 young (4096K), 4 survivors (4096K)
 Metaspace       used 32079K, committed 32448K, reserved 1114112K
  class space    used 4330K, committed 4480K, reserved 1048576K
}
Event: 3.050 GC heap before
{Heap before GC invocations=9 (full 0):
 garbage-first heap   total 68608K, used 38404K [0x0000000080000000, 0x0000000100000000)
  region size 1024K, 6 young (6144K), 4 survivors (4096K)
 Metaspace       used 32146K, committed 32448K, reserved 1114112K
  class space    used 4340K, committed 4480K, reserved 1048576K
}
Event: 3.054 GC heap after
{Heap after GC invocations=10 (full 0):
 garbage-first heap   total 101376K, used 38589K [0x0000000080000000, 0x0000000100000000)
  region size 1024K, 1 young (1024K), 1 survivors (1024K)
 Metaspace       used 32146K, committed 32448K, reserved 1114112K
  class space    used 4340K, committed 4480K, reserved 1048576K
}
Event: 3.383 GC heap before
{Heap before GC invocations=10 (full 0):
 garbage-first heap   total 101376K, used 67261K [0x0000000080000000, 0x0000000100000000)
  region size 1024K, 30 young (30720K), 1 survivors (1024K)
 Metaspace       used 35792K, committed 36096K, reserved 1114112K
  class space    used 4922K, committed 5056K, reserved 1048576K
}
Event: 3.385 GC heap after
{Heap after GC invocations=11 (full 0):
 garbage-first heap   total 101376K, used 41213K [0x0000000080000000, 0x0000000100000000)
  region size 1024K, 3 young (3072K), 3 survivors (3072K)
 Metaspace       used 35792K, committed 36096K, reserved 1114112K
  class space    used 4922K, committed 5056K, reserved 1048576K
}
Event: 3.779 GC heap before
{Heap before GC invocations=12 (full 0):
 garbage-first heap   total 101376K, used 70909K [0x0000000080000000, 0x0000000100000000)
  region size 1024K, 33 young (33792K), 3 survivors (3072K)
 Metaspace       used 40519K, committed 40896K, reserved 1114112K
  class space    used 5598K, committed 5760K, reserved 1048576K
}
Event: 3.784 GC heap after
{Heap after GC invocations=13 (full 0):
 garbage-first heap   total 101376K, used 42963K [0x0000000080000000, 0x0000000100000000)
  region size 1024K, 5 young (5120K), 5 survivors (5120K)
 Metaspace       used 40519K, committed 40896K, reserved 1114112K
  class space    used 5598K, committed 5760K, reserved 1048576K
}
Event: 4.066 GC heap before
{Heap before GC invocations=13 (full 0):
 garbage-first heap   total 101376K, used 72659K [0x0000000080000000, 0x0000000100000000)
  region size 1024K, 35 young (35840K), 5 survivors (5120K)
 Metaspace       used 44586K, committed 44992K, reserved 1114112K
  class space    used 6018K, committed 6208K, reserved 1048576K
}
Event: 4.071 GC heap after
{Heap after GC invocations=14 (full 0):
 garbage-first heap   total 101376K, used 46811K [0x0000000080000000, 0x0000000100000000)
  region size 1024K, 5 young (5120K), 5 survivors (5120K)
 Metaspace       used 44586K, committed 44992K, reserved 1114112K
  class space    used 6018K, committed 6208K, reserved 1048576K
}
Event: 4.134 GC heap before
{Heap before GC invocations=14 (full 0):
 garbage-first heap   total 101376K, used 58075K [0x0000000080000000, 0x0000000100000000)
  region size 1024K, 14 young (14336K), 5 survivors (5120K)
 Metaspace       used 45070K, committed 45440K, reserved 1114112K
  class space    used 6066K, committed 6272K, reserved 1048576K
}
Event: 4.138 GC heap after
{Heap after GC invocations=15 (full 0):
 garbage-first heap   total 101376K, used 50366K [0x0000000080000000, 0x0000000100000000)
  region size 1024K, 2 young (2048K), 2 survivors (2048K)
 Metaspace       used 45070K, committed 45440K, reserved 1114112K
  class space    used 6066K, committed 6272K, reserved 1048576K
}
Event: 4.434 GC heap before
{Heap before GC invocations=16 (full 0):
 garbage-first heap   total 101376K, used 78014K [0x0000000080000000, 0x0000000100000000)
  region size 1024K, 28 young (28672K), 2 survivors (2048K)
 Metaspace       used 49024K, committed 49472K, reserved 1114112K
  class space    used 6569K, committed 6784K, reserved 1048576K
}
Event: 4.436 GC heap after
{Heap after GC invocations=17 (full 0):
 garbage-first heap   total 101376K, used 50014K [0x0000000080000000, 0x0000000100000000)
  region size 1024K, 4 young (4096K), 4 survivors (4096K)
 Metaspace       used 49024K, committed 49472K, reserved 1114112K
  class space    used 6569K, committed 6784K, reserved 1048576K
}
Event: 4.688 GC heap before
{Heap before GC invocations=17 (full 0):
 garbage-first heap   total 101376K, used 67422K [0x0000000080000000, 0x0000000100000000)
  region size 1024K, 23 young (23552K), 4 survivors (4096K)
 Metaspace       used 50711K, committed 51200K, reserved 1114112K
  class space    used 6842K, committed 7040K, reserved 1048576K
}
Event: 4.692 GC heap after
{Heap after GC invocations=18 (full 0):
 garbage-first heap   total 160768K, used 52551K [0x0000000080000000, 0x0000000100000000)
  region size 1024K, 3 young (3072K), 3 survivors (3072K)
 Metaspace       used 50711K, committed 51200K, reserved 1114112K
  class space    used 6842K, committed 7040K, reserved 1048576K
}

