# JRE version: OpenJDK Runtime Environment (17.0.11) (build 17.0.11+0--11852314)
# Java VM: OpenJDK 64-Bit Server VM (17.0.11+0--11852314, mixed mode, tiered, compressed oops, compressed class ptrs, g1 gc, windows-amd64)
GC Precious Log:
 CPUs: 4 total, 4 available
 Memory: 8126M
 Large Page Support: Disabled
 NUMA Support: Disabled
 Compressed Oops: Enabled (32-bit)
 Heap Region Size: 1M
 Heap Min Capacity: 8M
 Heap Initial Capacity: 128M
 Heap Max Capacity: 2G
 Pre-touch: Disabled
 Parallel Workers: 4
 Concurrent Workers: 1
 Concurrent Refinement Workers: 4
 Periodic GC: Disabled
Heap:
 garbage-first heap   total 131072K, used 79306K [0x0000000080000000, 0x0000000100000000)
  region size 1024K, 4 young (4096K), 4 survivors (4096K)
 Metaspace       used 62062K, committed 62720K, reserved 1114112K
  class space    used 8477K, committed 8768K, reserved 1048576K
GC Heap History (20 events):
Event: 4.658 GC heap after
{Heap after GC invocations=19 (full 0):
 garbage-first heap   total 114688K, used 52175K [0x0000000080000000, 0x0000000100000000)
  region size 1024K, 4 young (4096K), 4 survivors (4096K)
 Metaspace       used 50705K, committed 51136K, reserved 1114112K
  class space    used 6841K, committed 7040K, reserved 1048576K
}
Event: 4.663 GC heap before
{Heap before GC invocations=19 (full 0):
 garbage-first heap   total 114688K, used 55247K [0x0000000080000000, 0x0000000100000000)
  region size 1024K, 5 young (5120K), 4 survivors (4096K)
 Metaspace       used 50705K, committed 51136K, reserved 1114112K
  class space    used 6841K, committed 7040K, reserved 1048576K
}
Event: 4.666 GC heap after
{Heap after GC invocations=20 (full 0):
 garbage-first heap   total 114688K, used 55887K [0x0000000080000000, 0x0000000100000000)
  region size 1024K, 3 young (3072K), 3 survivors (3072K)
 Metaspace       used 50705K, committed 51136K, reserved 1114112K
  class space    used 6841K, committed 7040K, reserved 1048576K
}
Event: 4.755 GC heap before
{Heap before GC invocations=21 (full 0):
 garbage-first heap   total 114688K, used 67151K [0x0000000080000000, 0x0000000100000000)
  region size 1024K, 10 young (10240K), 3 survivors (3072K)
 Metaspace       used 50953K, committed 51392K, reserved 1114112K
  class space    used 6889K, committed 7104K, reserved 1048576K
}
Event: 4.759 GC heap after
{Heap after GC invocations=22 (full 0):
 garbage-first heap   total 114688K, used 62861K [0x0000000080000000, 0x0000000100000000)
  region size 1024K, 5 young (5120K), 5 survivors (5120K)
 Metaspace       used 50953K, committed 51392K, reserved 1114112K
  class space    used 6889K, committed 7104K, reserved 1048576K
}
Event: 5.051 GC heap before
{Heap before GC invocations=23 (full 0):
 garbage-first heap   total 121856K, used 88461K [0x0000000080000000, 0x0000000100000000)
  region size 1024K, 23 young (23552K), 5 survivors (5120K)
 Metaspace       used 53216K, committed 53760K, reserved 1114112K
  class space    used 7104K, committed 7360K, reserved 1048576K
}
Event: 5.055 GC heap after
{Heap after GC invocations=24 (full 0):
 garbage-first heap   total 121856K, used 69822K [0x0000000080000000, 0x0000000100000000)
  region size 1024K, 2 young (2048K), 2 survivors (2048K)
 Metaspace       used 53216K, committed 53760K, reserved 1114112K
  class space    used 7104K, committed 7360K, reserved 1048576K
}
Event: 5.234 GC heap before
{Heap before GC invocations=24 (full 0):
 garbage-first heap   total 121856K, used 88254K [0x0000000080000000, 0x0000000100000000)
  region size 1024K, 21 young (21504K), 2 survivors (2048K)
 Metaspace       used 53964K, committed 54528K, reserved 1114112K
  class space    used 7218K, committed 7488K, reserved 1048576K
}
Event: 5.236 GC heap after
{Heap after GC invocations=25 (full 0):
 garbage-first heap   total 121856K, used 70857K [0x0000000080000000, 0x0000000100000000)
  region size 1024K, 1 young (1024K), 1 survivors (1024K)
 Metaspace       used 53964K, committed 54528K, reserved 1114112K
  class space    used 7218K, committed 7488K, reserved 1048576K
}
Event: 5.544 GC heap before
{Heap before GC invocations=26 (full 0):
 garbage-first heap   total 124928K, used 91337K [0x0000000080000000, 0x0000000100000000)
  region size 1024K, 21 young (21504K), 1 survivors (1024K)
 Metaspace       used 56452K, committed 57088K, reserved 1114112K
  class space    used 7617K, committed 7936K, reserved 1048576K
}
Event: 5.547 GC heap after
{Heap after GC invocations=27 (full 0):
 garbage-first heap   total 124928K, used 71877K [0x0000000080000000, 0x0000000100000000)
  region size 1024K, 2 young (2048K), 2 survivors (2048K)
 Metaspace       used 56452K, committed 57088K, reserved 1114112K
  class space    used 7617K, committed 7936K, reserved 1048576K
}
Event: 5.603 GC heap before
{Heap before GC invocations=27 (full 0):
 garbage-first heap   total 124928K, used 75973K [0x0000000080000000, 0x0000000100000000)
  region size 1024K, 6 young (6144K), 2 survivors (2048K)
 Metaspace       used 57105K, committed 57664K, reserved 1114112K
  class space    used 7728K, committed 8000K, reserved 1048576K
}
Event: 5.606 GC heap after
{Heap after GC invocations=28 (full 0):
 garbage-first heap   total 124928K, used 71555K [0x0000000080000000, 0x0000000100000000)
  region size 1024K, 1 young (1024K), 1 survivors (1024K)
 Metaspace       used 57105K, committed 57664K, reserved 1114112K
  class space    used 7728K, committed 8000K, reserved 1048576K
}
Event: 5.873 GC heap before
{Heap before GC invocations=28 (full 0):
 garbage-first heap   total 124928K, used 94083K [0x0000000080000000, 0x0000000100000000)
  region size 1024K, 23 young (23552K), 1 survivors (1024K)
 Metaspace       used 59226K, committed 59840K, reserved 1114112K
  class space    used 8112K, committed 8384K, reserved 1048576K
}
Event: 5.875 GC heap after
{Heap after GC invocations=29 (full 0):
 garbage-first heap   total 124928K, used 73124K [0x0000000080000000, 0x0000000100000000)
  region size 1024K, 2 young (2048K), 2 survivors (2048K)
 Metaspace       used 59226K, committed 59840K, reserved 1114112K
  class space    used 8112K, committed 8384K, reserved 1048576K
}
Event: 6.278 GC heap before
{Heap before GC invocations=30 (full 0):
 garbage-first heap   total 126976K, used 96676K [0x0000000080000000, 0x0000000100000000)
  region size 1024K, 25 young (25600K), 2 survivors (2048K)
 Metaspace       used 61401K, committed 62080K, reserved 1114112K
  class space    used 8436K, committed 8768K, reserved 1048576K
}
Event: 6.282 GC heap after
{Heap after GC invocations=31 (full 0):
 garbage-first heap   total 126976K, used 75272K [0x0000000080000000, 0x0000000100000000)
  region size 1024K, 4 young (4096K), 4 survivors (4096K)
 Metaspace       used 61401K, committed 62080K, reserved 1114112K
  class space    used 8436K, committed 8768K, reserved 1048576K
}
Event: 6.330 GC heap before
{Heap before GC invocations=31 (full 0):
 garbage-first heap   total 126976K, used 77320K [0x0000000080000000, 0x0000000100000000)
  region size 1024K, 6 young (6144K), 4 survivors (4096K)
 Metaspace       used 61482K, committed 62144K, reserved 1114112K
  class space    used 8440K, committed 8768K, reserved 1048576K
}
Event: 6.337 GC heap after
{Heap after GC invocations=32 (full 0):
 garbage-first heap   total 126976K, used 75443K [0x0000000080000000, 0x0000000100000000)
  region size 1024K, 1 young (1024K), 1 survivors (1024K)
 Metaspace       used 61482K, committed 62144K, reserved 1114112K
  class space    used 8440K, committed 8768K, reserved 1048576K
}
Event: 6.654 GC heap before
{Heap before GC invocations=32 (full 0):
 garbage-first heap   total 126976K, used 98995K [0x0000000080000000, 0x0000000100000000)
  region size 1024K, 25 young (25600K), 1 survivors (1024K)
 Metaspace       used 62062K, committed 62720K, reserved 1114112K
  class space    used 8477K, committed 8768K, reserved 1048576K
}

