# JRE version: OpenJDK Runtime Environment (17.0.11) (build 17.0.11+0--11852314)
# Java VM: OpenJDK 64-Bit Server VM (17.0.11+0--11852314, mixed mode, tiered, compressed oops, compressed class ptrs, g1 gc, windows-amd64)
GC Precious Log:
 CPUs: 4 total, 4 available
 Memory: 8126M
 Large Page Support: Disabled
 NUMA Support: Disabled
 Compressed Oops: Enabled (32-bit)
 Heap Region Size: 1M
 Heap Min Capacity: 8M
 Heap Initial Capacity: 128M
 Heap Max Capacity: 2G
 Pre-touch: Disabled
 Parallel Workers: 4
 Concurrent Workers: 1
 Concurrent Refinement Workers: 4
 Periodic GC: Disabled
Heap:
 garbage-first heap   total 150528K, used 102118K [0x0000000080000000, 0x0000000100000000)
  region size 1024K, 1 young (1024K), 1 survivors (1024K)
 Metaspace       used 66256K, committed 67008K, reserved 1114112K
  class space    used 8998K, committed 9344K, reserved 1048576K
GC Heap History (20 events):
Event: 5.132 GC heap after
{Heap after GC invocations=30 (full 0):
 garbage-first heap   total 121856K, used 68621K [0x0000000080000000, 0x0000000100000000)
  region size 1024K, 1 young (1024K), 1 survivors (1024K)
 Metaspace       used 52991K, committed 53504K, reserved 1114112K
  class space    used 7040K, committed 7232K, reserved 1048576K
}
Event: 5.292 GC heap before
{Heap before GC invocations=30 (full 0):
 garbage-first heap   total 121856K, used 88077K [0x0000000080000000, 0x0000000100000000)
  region size 1024K, 21 young (21504K), 1 survivors (1024K)
 Metaspace       used 53847K, committed 54464K, reserved 1114112K
  class space    used 7185K, committed 7488K, reserved 1048576K
}
Event: 5.294 GC heap after
{Heap after GC invocations=31 (full 0):
 garbage-first heap   total 121856K, used 69422K [0x0000000080000000, 0x0000000100000000)
  region size 1024K, 2 young (2048K), 2 survivors (2048K)
 Metaspace       used 53847K, committed 54464K, reserved 1114112K
  class space    used 7185K, committed 7488K, reserved 1048576K
}
Event: 5.548 GC heap before
{Heap before GC invocations=32 (full 0):
 garbage-first heap   total 124928K, used 90926K [0x0000000080000000, 0x0000000100000000)
  region size 1024K, 23 young (23552K), 2 survivors (2048K)
 Metaspace       used 56495K, committed 57088K, reserved 1114112K
  class space    used 7611K, committed 7872K, reserved 1048576K
}
Event: 5.550 GC heap after
{Heap after GC invocations=33 (full 0):
 garbage-first heap   total 124928K, used 70479K [0x0000000080000000, 0x0000000100000000)
  region size 1024K, 2 young (2048K), 2 survivors (2048K)
 Metaspace       used 56495K, committed 57088K, reserved 1114112K
  class space    used 7611K, committed 7872K, reserved 1048576K
}
Event: 5.596 GC heap before
{Heap before GC invocations=33 (full 0):
 garbage-first heap   total 124928K, used 74575K [0x0000000080000000, 0x0000000100000000)
  region size 1024K, 6 young (6144K), 2 survivors (2048K)
 Metaspace       used 57129K, committed 57728K, reserved 1114112K
  class space    used 7717K, committed 8000K, reserved 1048576K
}
Event: 5.599 GC heap after
{Heap after GC invocations=34 (full 0):
 garbage-first heap   total 150528K, used 70327K [0x0000000080000000, 0x0000000100000000)
  region size 1024K, 1 young (1024K), 1 survivors (1024K)
 Metaspace       used 57129K, committed 57728K, reserved 1114112K
  class space    used 7717K, committed 8000K, reserved 1048576K
}
Event: 6.244 GC heap before
{Heap before GC invocations=34 (full 0):
 garbage-first heap   total 150528K, used 108215K [0x0000000080000000, 0x0000000100000000)
  region size 1024K, 38 young (38912K), 1 survivors (1024K)
 Metaspace       used 60715K, committed 61440K, reserved 1114112K
  class space    used 8318K, committed 8640K, reserved 1048576K
}
Event: 6.247 GC heap after
{Heap after GC invocations=35 (full 0):
 garbage-first heap   total 150528K, used 72823K [0x0000000080000000, 0x0000000100000000)
  region size 1024K, 3 young (3072K), 3 survivors (3072K)
 Metaspace       used 60715K, committed 61440K, reserved 1114112K
  class space    used 8318K, committed 8640K, reserved 1048576K
}
Event: 6.834 GC heap before
{Heap before GC invocations=36 (full 0):
 garbage-first heap   total 150528K, used 111735K [0x0000000080000000, 0x0000000100000000)
  region size 1024K, 42 young (43008K), 3 survivors (3072K)
 Metaspace       used 62177K, committed 62784K, reserved 1114112K
  class space    used 8471K, committed 8768K, reserved 1048576K
}
Event: 6.843 GC heap after
{Heap after GC invocations=37 (full 0):
 garbage-first heap   total 150528K, used 77862K [0x0000000080000000, 0x0000000100000000)
  region size 1024K, 6 young (6144K), 6 survivors (6144K)
 Metaspace       used 62177K, committed 62784K, reserved 1114112K
  class space    used 8471K, committed 8768K, reserved 1048576K
}
Event: 6.850 GC heap before
{Heap before GC invocations=37 (full 0):
 garbage-first heap   total 150528K, used 78886K [0x0000000080000000, 0x0000000100000000)
  region size 1024K, 7 young (7168K), 6 survivors (6144K)
 Metaspace       used 62182K, committed 62784K, reserved 1114112K
  class space    used 8471K, committed 8768K, reserved 1048576K
}
Event: 6.857 GC heap after
{Heap after GC invocations=38 (full 0):
 garbage-first heap   total 150528K, used 78517K [0x0000000080000000, 0x0000000100000000)
  region size 1024K, 1 young (1024K), 1 survivors (1024K)
 Metaspace       used 62182K, committed 62784K, reserved 1114112K
  class space    used 8471K, committed 8768K, reserved 1048576K
}
Event: 7.034 GC heap before
{Heap before GC invocations=38 (full 0):
 garbage-first heap   total 150528K, used 92853K [0x0000000080000000, 0x0000000100000000)
  region size 1024K, 17 young (17408K), 1 survivors (1024K)
 Metaspace       used 62418K, committed 63040K, reserved 1114112K
  class space    used 8490K, committed 8768K, reserved 1048576K
}
Event: 7.036 GC heap after
{Heap after GC invocations=39 (full 0):
 garbage-first heap   total 150528K, used 80317K [0x0000000080000000, 0x0000000100000000)
  region size 1024K, 3 young (3072K), 3 survivors (3072K)
 Metaspace       used 62418K, committed 63040K, reserved 1114112K
  class space    used 8490K, committed 8768K, reserved 1048576K
}
Event: 7.581 GC heap before
{Heap before GC invocations=40 (full 0):
 garbage-first heap   total 150528K, used 130493K [0x0000000080000000, 0x0000000100000000)
  region size 1024K, 38 young (38912K), 3 survivors (3072K)
 Metaspace       used 64320K, committed 65088K, reserved 1114112K
  class space    used 8743K, committed 9088K, reserved 1048576K
}
Event: 7.585 GC heap after
{Heap after GC invocations=41 (full 0):
 garbage-first heap   total 150528K, used 101929K [0x0000000080000000, 0x0000000100000000)
  region size 1024K, 5 young (5120K), 5 survivors (5120K)
 Metaspace       used 64320K, committed 65088K, reserved 1114112K
  class space    used 8743K, committed 9088K, reserved 1048576K
}
Event: 7.611 GC heap before
{Heap before GC invocations=41 (full 0):
 garbage-first heap   total 150528K, used 103977K [0x0000000080000000, 0x0000000100000000)
  region size 1024K, 7 young (7168K), 5 survivors (5120K)
 Metaspace       used 64489K, committed 65216K, reserved 1114112K
  class space    used 8765K, committed 9088K, reserved 1048576K
}
Event: 7.614 GC heap after
{Heap after GC invocations=42 (full 0):
 garbage-first heap   total 150528K, used 101746K [0x0000000080000000, 0x0000000100000000)
  region size 1024K, 1 young (1024K), 1 survivors (1024K)
 Metaspace       used 64489K, committed 65216K, reserved 1114112K
  class space    used 8765K, committed 9088K, reserved 1048576K
}
Event: 7.878 GC heap before
{Heap before GC invocations=42 (full 0):
 garbage-first heap   total 150528K, used 124274K [0x0000000080000000, 0x0000000100000000)
  region size 1024K, 23 young (23552K), 1 survivors (1024K)
 Metaspace       used 66256K, committed 67008K, reserved 1114112K
  class space    used 8998K, committed 9344K, reserved 1048576K
}

