# JRE version: OpenJDK Runtime Environment (17.0.11) (build 17.0.11+0--11852314)
# Java VM: OpenJDK 64-Bit Server VM (17.0.11+0--11852314, mixed mode, tiered, compressed oops, compressed class ptrs, g1 gc, windows-amd64)
GC Precious Log:
 CPUs: 4 total, 4 available
 Memory: 8126M
 Large Page Support: Disabled
 NUMA Support: Disabled
 Compressed Oops: Enabled (32-bit)
 Heap Region Size: 1M
 Heap Min Capacity: 8M
 Heap Initial Capacity: 128M
 Heap Max Capacity: 2G
 Pre-touch: Disabled
 Parallel Workers: 4
 Concurrent Workers: 1
 Concurrent Refinement Workers: 4
 Periodic GC: Disabled
Heap:
 garbage-first heap   total 316416K, used 129062K [0x0000000080000000, 0x0000000100000000)
  region size 1024K, 22 young (22528K), 2 survivors (2048K)
 Metaspace       used 111613K, committed 112320K, reserved 1179648K
  class space    used 15346K, committed 15680K, reserved 1048576K
GC Heap History (20 events):
Event: 16.707 GC heap before
{Heap before GC invocations=44 (full 0):
 garbage-first heap   total 256000K, used 152617K [0x0000000080000000, 0x0000000100000000)
  region size 1024K, 45 young (46080K), 3 survivors (3072K)
 Metaspace       used 102697K, committed 103424K, reserved 1179648K
  class space    used 14316K, committed 14656K, reserved 1048576K
}
Event: 16.709 GC heap after
{Heap after GC invocations=45 (full 0):
 garbage-first heap   total 256000K, used 109554K [0x0000000080000000, 0x0000000100000000)
  region size 1024K, 2 young (2048K), 2 survivors (2048K)
 Metaspace       used 102697K, committed 103424K, reserved 1179648K
  class space    used 14316K, committed 14656K, reserved 1048576K
}
Event: 17.636 GC heap before
{Heap before GC invocations=46 (full 0):
 garbage-first heap   total 256000K, used 206834K [0x0000000080000000, 0x0000000100000000)
  region size 1024K, 97 young (99328K), 2 survivors (2048K)
 Metaspace       used 102932K, committed 103680K, reserved 1179648K
  class space    used 14333K, committed 14656K, reserved 1048576K
}
Event: 17.641 GC heap after
{Heap after GC invocations=47 (full 0):
 garbage-first heap   total 256000K, used 110260K [0x0000000080000000, 0x0000000100000000)
  region size 1024K, 3 young (3072K), 3 survivors (3072K)
 Metaspace       used 102932K, committed 103680K, reserved 1179648K
  class space    used 14333K, committed 14656K, reserved 1048576K
}
Event: 17.750 GC heap before
{Heap before GC invocations=47 (full 0):
 garbage-first heap   total 256000K, used 118452K [0x0000000080000000, 0x0000000100000000)
  region size 1024K, 12 young (12288K), 3 survivors (3072K)
 Metaspace       used 103357K, committed 104064K, reserved 1179648K
  class space    used 14388K, committed 14720K, reserved 1048576K
}
Event: 17.758 GC heap after
{Heap after GC invocations=48 (full 0):
 garbage-first heap   total 256000K, used 108874K [0x0000000080000000, 0x0000000100000000)
  region size 1024K, 2 young (2048K), 2 survivors (2048K)
 Metaspace       used 103357K, committed 104064K, reserved 1179648K
  class space    used 14388K, committed 14720K, reserved 1048576K
}
Event: 17.964 GC heap before
{Heap before GC invocations=48 (full 0):
 garbage-first heap   total 256000K, used 215370K [0x0000000080000000, 0x0000000100000000)
  region size 1024K, 107 young (109568K), 2 survivors (2048K)
 Metaspace       used 104012K, committed 104768K, reserved 1179648K
  class space    used 14438K, committed 14784K, reserved 1048576K
}
Event: 17.967 GC heap after
{Heap after GC invocations=49 (full 0):
 garbage-first heap   total 256000K, used 110475K [0x0000000080000000, 0x0000000100000000)
  region size 1024K, 3 young (3072K), 3 survivors (3072K)
 Metaspace       used 104012K, committed 104768K, reserved 1179648K
  class space    used 14438K, committed 14784K, reserved 1048576K
}
Event: 18.505 GC heap before
{Heap before GC invocations=49 (full 0):
 garbage-first heap   total 256000K, used 216971K [0x0000000080000000, 0x0000000100000000)
  region size 1024K, 108 young (110592K), 3 survivors (3072K)
 Metaspace       used 105711K, committed 106496K, reserved 1179648K
  class space    used 14616K, committed 14976K, reserved 1048576K
}
Event: 18.507 GC heap after
{Heap after GC invocations=50 (full 0):
 garbage-first heap   total 256000K, used 108542K [0x0000000080000000, 0x0000000100000000)
  region size 1024K, 1 young (1024K), 1 survivors (1024K)
 Metaspace       used 105711K, committed 106496K, reserved 1179648K
  class space    used 14616K, committed 14976K, reserved 1048576K
}
Event: 18.724 GC heap before
{Heap before GC invocations=50 (full 0):
 garbage-first heap   total 256000K, used 219134K [0x0000000080000000, 0x0000000100000000)
  region size 1024K, 110 young (112640K), 1 survivors (1024K)
 Metaspace       used 106068K, committed 106816K, reserved 1179648K
  class space    used 14632K, committed 14976K, reserved 1048576K
}
Event: 18.726 GC heap after
{Heap after GC invocations=51 (full 0):
 garbage-first heap   total 256000K, used 109815K [0x0000000080000000, 0x0000000100000000)
  region size 1024K, 3 young (3072K), 3 survivors (3072K)
 Metaspace       used 106068K, committed 106816K, reserved 1179648K
  class space    used 14632K, committed 14976K, reserved 1048576K
}
Event: 18.944 GC heap before
{Heap before GC invocations=51 (full 0):
 garbage-first heap   total 256000K, used 223479K [0x0000000080000000, 0x0000000100000000)
  region size 1024K, 111 young (113664K), 3 survivors (3072K)
 Metaspace       used 106172K, committed 106944K, reserved 1179648K
  class space    used 14633K, committed 14976K, reserved 1048576K
}
Event: 18.949 GC heap after
{Heap after GC invocations=52 (full 0):
 garbage-first heap   total 256000K, used 118782K [0x0000000080000000, 0x0000000100000000)
  region size 1024K, 8 young (8192K), 8 survivors (8192K)
 Metaspace       used 106172K, committed 106944K, reserved 1179648K
  class space    used 14633K, committed 14976K, reserved 1048576K
}
Event: 19.036 GC heap before
{Heap before GC invocations=52 (full 0):
 garbage-first heap   total 256000K, used 216062K [0x0000000080000000, 0x0000000100000000)
  region size 1024K, 104 young (106496K), 8 survivors (8192K)
 Metaspace       used 106175K, committed 106944K, reserved 1179648K
  class space    used 14633K, committed 14976K, reserved 1048576K
}
Event: 19.042 GC heap after
{Heap after GC invocations=53 (full 0):
 garbage-first heap   total 316416K, used 116074K [0x0000000080000000, 0x0000000100000000)
  region size 1024K, 5 young (5120K), 5 survivors (5120K)
 Metaspace       used 106175K, committed 106944K, reserved 1179648K
  class space    used 14633K, committed 14976K, reserved 1048576K
}
Event: 19.297 GC heap before
{Heap before GC invocations=53 (full 0):
 garbage-first heap   total 316416K, used 269674K [0x0000000080000000, 0x0000000100000000)
  region size 1024K, 155 young (158720K), 5 survivors (5120K)
 Metaspace       used 106184K, committed 106944K, reserved 1179648K
  class space    used 14633K, committed 14976K, reserved 1048576K
}
Event: 19.300 GC heap after
{Heap after GC invocations=54 (full 0):
 garbage-first heap   total 316416K, used 115998K [0x0000000080000000, 0x0000000100000000)
  region size 1024K, 5 young (5120K), 5 survivors (5120K)
 Metaspace       used 106184K, committed 106944K, reserved 1179648K
  class space    used 14633K, committed 14976K, reserved 1048576K
}
Event: 19.812 GC heap before
{Heap before GC invocations=54 (full 0):
 garbage-first heap   total 316416K, used 272670K [0x0000000080000000, 0x0000000100000000)
  region size 1024K, 159 young (162816K), 5 survivors (5120K)
 Metaspace       used 107436K, committed 108224K, reserved 1179648K
  class space    used 14787K, committed 15168K, reserved 1048576K
}
Event: 19.819 GC heap after
{Heap after GC invocations=55 (full 0):
 garbage-first heap   total 316416K, used 110630K [0x0000000080000000, 0x0000000100000000)
  region size 1024K, 2 young (2048K), 2 survivors (2048K)
 Metaspace       used 107436K, committed 108224K, reserved 1179648K
  class space    used 14787K, committed 15168K, reserved 1048576K
}

