# JRE version: OpenJDK Runtime Environment (17.0.11) (build 17.0.11+0--11852314)
# Java VM: OpenJDK 64-Bit Server VM (17.0.11+0--11852314, mixed mode, tiered, compressed oops, compressed class ptrs, g1 gc, windows-amd64)
GC Precious Log:
 CPUs: 4 total, 4 available
 Memory: 8126M
 Large Page Support: Disabled
 NUMA Support: Disabled
 Compressed Oops: Enabled (32-bit)
 Heap Region Size: 1M
 Heap Min Capacity: 8M
 Heap Initial Capacity: 128M
 Heap Max Capacity: 2G
 Pre-touch: Disabled
 Parallel Workers: 4
 Concurrent Workers: 1
 Concurrent Refinement Workers: 4
 Periodic GC: Disabled
Heap:
 garbage-first heap   total 154624K, used 74207K [0x0000000080000000, 0x0000000100000000)
  region size 1024K, 6 young (6144K), 1 survivors (1024K)
 Metaspace       used 55156K, committed 55680K, reserved 1114112K
  class space    used 7421K, committed 7680K, reserved 1048576K
GC Heap History (20 events):
Event: 4.317 GC heap before
{Heap before GC invocations=12 (full 0):
 garbage-first heap   total 73728K, used 52663K [0x0000000080000000, 0x0000000100000000)
  region size 1024K, 15 young (15360K), 2 survivors (2048K)
 Metaspace       used 37677K, committed 38016K, reserved 1114112K
  class space    used 5222K, committed 5376K, reserved 1048576K
}
Event: 4.319 GC heap after
{Heap after GC invocations=13 (full 0):
 garbage-first heap   total 73728K, used 40962K [0x0000000080000000, 0x0000000100000000)
  region size 1024K, 2 young (2048K), 2 survivors (2048K)
 Metaspace       used 37677K, committed 38016K, reserved 1114112K
  class space    used 5222K, committed 5376K, reserved 1048576K
}
Event: 4.531 GC heap before
{Heap before GC invocations=13 (full 0):
 garbage-first heap   total 73728K, used 56322K [0x0000000080000000, 0x0000000100000000)
  region size 1024K, 18 young (18432K), 2 survivors (2048K)
 Metaspace       used 40310K, committed 40704K, reserved 1114112K
  class space    used 5591K, committed 5760K, reserved 1048576K
}
Event: 4.533 GC heap after
{Heap after GC invocations=14 (full 0):
 garbage-first heap   total 89088K, used 42511K [0x0000000080000000, 0x0000000100000000)
  region size 1024K, 3 young (3072K), 3 survivors (3072K)
 Metaspace       used 40310K, committed 40704K, reserved 1114112K
  class space    used 5591K, committed 5760K, reserved 1048576K
}
Event: 4.797 GC heap before
{Heap before GC invocations=15 (full 0):
 garbage-first heap   total 89088K, used 69135K [0x0000000080000000, 0x0000000100000000)
  region size 1024K, 30 young (30720K), 3 survivors (3072K)
 Metaspace       used 44599K, committed 44992K, reserved 1114112K
  class space    used 6022K, committed 6208K, reserved 1048576K
}
Event: 4.801 GC heap after
{Heap after GC invocations=16 (full 0):
 garbage-first heap   total 89088K, used 46090K [0x0000000080000000, 0x0000000100000000)
  region size 1024K, 4 young (4096K), 4 survivors (4096K)
 Metaspace       used 44599K, committed 44992K, reserved 1114112K
  class space    used 6022K, committed 6208K, reserved 1048576K
}
Event: 4.876 GC heap before
{Heap before GC invocations=16 (full 0):
 garbage-first heap   total 89088K, used 57354K [0x0000000080000000, 0x0000000100000000)
  region size 1024K, 17 young (17408K), 4 survivors (4096K)
 Metaspace       used 45080K, committed 45504K, reserved 1114112K
  class space    used 6070K, committed 6272K, reserved 1048576K
}
Event: 4.880 GC heap after
{Heap after GC invocations=17 (full 0):
 garbage-first heap   total 89088K, used 48521K [0x0000000080000000, 0x0000000100000000)
  region size 1024K, 3 young (3072K), 3 survivors (3072K)
 Metaspace       used 45080K, committed 45504K, reserved 1114112K
  class space    used 6070K, committed 6272K, reserved 1048576K
}
Event: 5.178 GC heap before
{Heap before GC invocations=18 (full 0):
 garbage-first heap   total 94208K, used 74121K [0x0000000080000000, 0x0000000100000000)
  region size 1024K, 24 young (24576K), 3 survivors (3072K)
 Metaspace       used 48476K, committed 48896K, reserved 1114112K
  class space    used 6474K, committed 6656K, reserved 1048576K
}
Event: 5.181 GC heap after
{Heap after GC invocations=19 (full 0):
 garbage-first heap   total 94208K, used 49973K [0x0000000080000000, 0x0000000100000000)
  region size 1024K, 3 young (3072K), 3 survivors (3072K)
 Metaspace       used 48476K, committed 48896K, reserved 1114112K
  class space    used 6474K, committed 6656K, reserved 1048576K
}
Event: 5.448 GC heap before
{Heap before GC invocations=19 (full 0):
 garbage-first heap   total 94208K, used 73525K [0x0000000080000000, 0x0000000100000000)
  region size 1024K, 26 young (26624K), 3 survivors (3072K)
 Metaspace       used 50737K, committed 51200K, reserved 1114112K
  class space    used 6841K, committed 7040K, reserved 1048576K
}
Event: 5.451 GC heap after
{Heap after GC invocations=20 (full 0):
 garbage-first heap   total 94208K, used 52203K [0x0000000080000000, 0x0000000100000000)
  region size 1024K, 4 young (4096K), 4 survivors (4096K)
 Metaspace       used 50737K, committed 51200K, reserved 1114112K
  class space    used 6841K, committed 7040K, reserved 1048576K
}
Event: 5.557 GC heap before
{Heap before GC invocations=21 (full 0):
 garbage-first heap   total 107520K, used 67563K [0x0000000080000000, 0x0000000100000000)
  region size 1024K, 12 young (12288K), 4 survivors (4096K)
 Metaspace       used 51001K, committed 51520K, reserved 1114112K
  class space    used 6891K, committed 7104K, reserved 1048576K
}
Event: 5.560 GC heap after
{Heap after GC invocations=22 (full 0):
 garbage-first heap   total 107520K, used 62975K [0x0000000080000000, 0x0000000100000000)
  region size 1024K, 3 young (3072K), 3 survivors (3072K)
 Metaspace       used 51001K, committed 51520K, reserved 1114112K
  class space    used 6891K, committed 7104K, reserved 1048576K
}
Event: 5.781 GC heap before
{Heap before GC invocations=23 (full 0):
 garbage-first heap   total 121856K, used 88575K [0x0000000080000000, 0x0000000100000000)
  region size 1024K, 21 young (21504K), 3 survivors (3072K)
 Metaspace       used 53264K, committed 53824K, reserved 1114112K
  class space    used 7106K, committed 7360K, reserved 1048576K
}
Event: 5.784 GC heap after
{Heap after GC invocations=24 (full 0):
 garbage-first heap   total 121856K, used 70340K [0x0000000080000000, 0x0000000100000000)
  region size 1024K, 3 young (3072K), 3 survivors (3072K)
 Metaspace       used 53264K, committed 53824K, reserved 1114112K
  class space    used 7106K, committed 7360K, reserved 1048576K
}
Event: 5.803 GC heap before
{Heap before GC invocations=24 (full 0):
 garbage-first heap   total 121856K, used 72388K [0x0000000080000000, 0x0000000100000000)
  region size 1024K, 5 young (5120K), 3 survivors (3072K)
 Metaspace       used 53449K, committed 54016K, reserved 1114112K
  class space    used 7130K, committed 7424K, reserved 1048576K
}
Event: 5.805 GC heap after
{Heap after GC invocations=25 (full 0):
 garbage-first heap   total 121856K, used 69349K [0x0000000080000000, 0x0000000100000000)
  region size 1024K, 1 young (1024K), 1 survivors (1024K)
 Metaspace       used 53449K, committed 54016K, reserved 1114112K
  class space    used 7130K, committed 7424K, reserved 1048576K
}
Event: 5.997 GC heap before
{Heap before GC invocations=25 (full 0):
 garbage-first heap   total 121856K, used 91877K [0x0000000080000000, 0x0000000100000000)
  region size 1024K, 24 young (24576K), 1 survivors (1024K)
 Metaspace       used 54675K, committed 55296K, reserved 1114112K
  class space    used 7331K, committed 7616K, reserved 1048576K
}
Event: 5.999 GC heap after
{Heap after GC invocations=26 (full 0):
 garbage-first heap   total 154624K, used 70111K [0x0000000080000000, 0x0000000100000000)
  region size 1024K, 1 young (1024K), 1 survivors (1024K)
 Metaspace       used 54675K, committed 55296K, reserved 1114112K
  class space    used 7331K, committed 7616K, reserved 1048576K
}

