# JRE version: OpenJDK Runtime Environment (17.0.11) (build 17.0.11+0--11852314)
# Java VM: OpenJDK 64-Bit Server VM (17.0.11+0--11852314, mixed mode, tiered, compressed oops, compressed class ptrs, g1 gc, windows-amd64)
GC Precious Log:
 CPUs: 4 total, 4 available
 Memory: 8126M
 Large Page Support: Disabled
 NUMA Support: Disabled
 Compressed Oops: Enabled (32-bit)
 Heap Region Size: 1M
 Heap Min Capacity: 8M
 Heap Initial Capacity: 128M
 Heap Max Capacity: 2G
 Pre-touch: Disabled
 Parallel Workers: 4
 Concurrent Workers: 1
 Concurrent Refinement Workers: 4
 Periodic GC: Disabled
Heap:
 garbage-first heap   total 150528K, used 99976K [0x0000000080000000, 0x0000000100000000)
  region size 1024K, 2 young (2048K), 1 survivors (1024K)
 Metaspace       used 64499K, committed 65152K, reserved 1114112K
  class space    used 8778K, committed 9088K, reserved 1048576K
GC Heap History (20 events):
Event: 4.659 GC heap before
{Heap before GC invocations=24 (full 0):
 garbage-first heap   total 114688K, used 70431K [0x0000000080000000, 0x0000000100000000)
  region size 1024K, 9 young (9216K), 3 survivors (3072K)
 Metaspace       used 51382K, committed 51840K, reserved 1114112K
  class space    used 6919K, committed 7104K, reserved 1048576K
}
Event: 4.661 GC heap after
{Heap after GC invocations=25 (full 0):
 garbage-first heap   total 114688K, used 67941K [0x0000000080000000, 0x0000000100000000)
  region size 1024K, 2 young (2048K), 2 survivors (2048K)
 Metaspace       used 51382K, committed 51840K, reserved 1114112K
  class space    used 6919K, committed 7104K, reserved 1048576K
}
Event: 5.022 GC heap before
{Heap before GC invocations=26 (full 0):
 garbage-first heap   total 121856K, used 85349K [0x0000000080000000, 0x0000000100000000)
  region size 1024K, 17 young (17408K), 2 survivors (2048K)
 Metaspace       used 53479K, committed 54144K, reserved 1114112K
  class space    used 7134K, committed 7424K, reserved 1048576K
}
Event: 5.024 GC heap after
{Heap after GC invocations=27 (full 0):
 garbage-first heap   total 121856K, used 68191K [0x0000000080000000, 0x0000000100000000)
  region size 1024K, 2 young (2048K), 2 survivors (2048K)
 Metaspace       used 53479K, committed 54144K, reserved 1114112K
  class space    used 7134K, committed 7424K, reserved 1048576K
}
Event: 5.294 GC heap before
{Heap before GC invocations=27 (full 0):
 garbage-first heap   total 121856K, used 88671K [0x0000000080000000, 0x0000000100000000)
  region size 1024K, 22 young (22528K), 2 survivors (2048K)
 Metaspace       used 54382K, committed 55040K, reserved 1114112K
  class space    used 7294K, committed 7616K, reserved 1048576K
}
Event: 5.297 GC heap after
{Heap after GC invocations=28 (full 0):
 garbage-first heap   total 121856K, used 69312K [0x0000000080000000, 0x0000000100000000)
  region size 1024K, 2 young (2048K), 2 survivors (2048K)
 Metaspace       used 54382K, committed 55040K, reserved 1114112K
  class space    used 7294K, committed 7616K, reserved 1048576K
}
Event: 5.512 GC heap before
{Heap before GC invocations=29 (full 0):
 garbage-first heap   total 124928K, used 90816K [0x0000000080000000, 0x0000000100000000)
  region size 1024K, 23 young (23552K), 2 survivors (2048K)
 Metaspace       used 57179K, committed 57856K, reserved 1114112K
  class space    used 7732K, committed 8064K, reserved 1048576K
}
Event: 5.515 GC heap after
{Heap after GC invocations=30 (full 0):
 garbage-first heap   total 124928K, used 70508K [0x0000000080000000, 0x0000000100000000)
  region size 1024K, 2 young (2048K), 2 survivors (2048K)
 Metaspace       used 57179K, committed 57856K, reserved 1114112K
  class space    used 7732K, committed 8064K, reserved 1048576K
}
Event: 5.558 GC heap before
{Heap before GC invocations=30 (full 0):
 garbage-first heap   total 124928K, used 74604K [0x0000000080000000, 0x0000000100000000)
  region size 1024K, 6 young (6144K), 2 survivors (2048K)
 Metaspace       used 57573K, committed 58112K, reserved 1114112K
  class space    used 7802K, committed 8064K, reserved 1048576K
}
Event: 5.561 GC heap after
{Heap after GC invocations=31 (full 0):
 garbage-first heap   total 150528K, used 70980K [0x0000000080000000, 0x0000000100000000)
  region size 1024K, 1 young (1024K), 1 survivors (1024K)
 Metaspace       used 57573K, committed 58112K, reserved 1114112K
  class space    used 7802K, committed 8064K, reserved 1048576K
}
Event: 6.085 GC heap before
{Heap before GC invocations=31 (full 0):
 garbage-first heap   total 150528K, used 109892K [0x0000000080000000, 0x0000000100000000)
  region size 1024K, 39 young (39936K), 1 survivors (1024K)
 Metaspace       used 61288K, committed 61888K, reserved 1114112K
  class space    used 8430K, committed 8704K, reserved 1048576K
}
Event: 6.089 GC heap after
{Heap after GC invocations=32 (full 0):
 garbage-first heap   total 150528K, used 73391K [0x0000000080000000, 0x0000000100000000)
  region size 1024K, 3 young (3072K), 3 survivors (3072K)
 Metaspace       used 61288K, committed 61888K, reserved 1114112K
  class space    used 8430K, committed 8704K, reserved 1048576K
}
Event: 6.586 GC heap before
{Heap before GC invocations=33 (full 0):
 garbage-first heap   total 150528K, used 112303K [0x0000000080000000, 0x0000000100000000)
  region size 1024K, 42 young (43008K), 3 survivors (3072K)
 Metaspace       used 62220K, committed 62848K, reserved 1114112K
  class space    used 8480K, committed 8768K, reserved 1048576K
}
Event: 6.592 GC heap after
{Heap after GC invocations=34 (full 0):
 garbage-first heap   total 150528K, used 78294K [0x0000000080000000, 0x0000000100000000)
  region size 1024K, 6 young (6144K), 6 survivors (6144K)
 Metaspace       used 62220K, committed 62848K, reserved 1114112K
  class space    used 8480K, committed 8768K, reserved 1048576K
}
Event: 6.597 GC heap before
{Heap before GC invocations=34 (full 0):
 garbage-first heap   total 150528K, used 79318K [0x0000000080000000, 0x0000000100000000)
  region size 1024K, 7 young (7168K), 6 survivors (6144K)
 Metaspace       used 62226K, committed 62848K, reserved 1114112K
  class space    used 8480K, committed 8768K, reserved 1048576K
}
Event: 6.602 GC heap after
{Heap after GC invocations=35 (full 0):
 garbage-first heap   total 150528K, used 78926K [0x0000000080000000, 0x0000000100000000)
  region size 1024K, 1 young (1024K), 1 survivors (1024K)
 Metaspace       used 62226K, committed 62848K, reserved 1114112K
  class space    used 8480K, committed 8768K, reserved 1048576K
}
Event: 6.681 GC heap before
{Heap before GC invocations=35 (full 0):
 garbage-first heap   total 150528K, used 89166K [0x0000000080000000, 0x0000000100000000)
  region size 1024K, 12 young (12288K), 1 survivors (1024K)
 Metaspace       used 62400K, committed 63040K, reserved 1114112K
  class space    used 8500K, committed 8832K, reserved 1048576K
}
Event: 6.683 GC heap after
{Heap after GC invocations=36 (full 0):
 garbage-first heap   total 150528K, used 79562K [0x0000000080000000, 0x0000000100000000)
  region size 1024K, 2 young (2048K), 2 survivors (2048K)
 Metaspace       used 62400K, committed 63040K, reserved 1114112K
  class space    used 8500K, committed 8832K, reserved 1048576K
}
Event: 7.452 GC heap before
{Heap before GC invocations=37 (full 0):
 garbage-first heap   total 150528K, used 129738K [0x0000000080000000, 0x0000000100000000)
  region size 1024K, 37 young (37888K), 2 survivors (2048K)
 Metaspace       used 64307K, committed 65024K, reserved 1114112K
  class space    used 8754K, committed 9088K, reserved 1048576K
}
Event: 7.456 GC heap after
{Heap after GC invocations=38 (full 0):
 garbage-first heap   total 150528K, used 101358K [0x0000000080000000, 0x0000000100000000)
  region size 1024K, 5 young (5120K), 5 survivors (5120K)
 Metaspace       used 64307K, committed 65024K, reserved 1114112K
  class space    used 8754K, committed 9088K, reserved 1048576K
}

