# JRE version: OpenJDK Runtime Environment (17.0.11) (build 17.0.11+0--11852314)
# Java VM: OpenJDK 64-Bit Server VM (17.0.11+0--11852314, mixed mode, tiered, compressed oops, compressed class ptrs, g1 gc, windows-amd64)
GC Precious Log:
 CPUs: 4 total, 4 available
 Memory: 8126M
 Large Page Support: Disabled
 NUMA Support: Disabled
 Compressed Oops: Enabled (32-bit)
 Heap Region Size: 1M
 Heap Min Capacity: 8M
 Heap Initial Capacity: 128M
 Heap Max Capacity: 2G
 Pre-touch: Disabled
 Parallel Workers: 4
 Concurrent Workers: 1
 Concurrent Refinement Workers: 4
 Periodic GC: Disabled
Heap:
 garbage-first heap   total 186368K, used 104541K [0x0000000080000000, 0x0000000100000000)
  region size 1024K, 3 young (3072K), 3 survivors (3072K)
 Metaspace       used 71741K, committed 72448K, reserved 1114112K
  class space    used 9701K, committed 10048K, reserved 1048576K
GC Heap History (20 events):
Event: 4.931 GC heap after
{Heap after GC invocations=27 (full 0):
 garbage-first heap   total 126976K, used 69879K [0x0000000080000000, 0x0000000100000000)
  region size 1024K, 2 young (2048K), 2 survivors (2048K)
 Metaspace       used 54617K, committed 55168K, reserved 1114112K
  class space    used 7329K, committed 7616K, reserved 1048576K
}
Event: 5.211 GC heap before
{Heap before GC invocations=28 (full 0):
 garbage-first heap   total 126976K, used 93431K [0x0000000080000000, 0x0000000100000000)
  region size 1024K, 26 young (26624K), 2 survivors (2048K)
 Metaspace       used 57679K, committed 58304K, reserved 1114112K
  class space    used 7827K, committed 8128K, reserved 1048576K
}
Event: 5.216 GC heap after
{Heap after GC invocations=29 (full 0):
 garbage-first heap   total 126976K, used 71345K [0x0000000080000000, 0x0000000100000000)
  region size 1024K, 4 young (4096K), 4 survivors (4096K)
 Metaspace       used 57679K, committed 58304K, reserved 1114112K
  class space    used 7827K, committed 8128K, reserved 1048576K
}
Event: 5.723 GC heap before
{Heap before GC invocations=29 (full 0):
 garbage-first heap   total 126976K, used 95921K [0x0000000080000000, 0x0000000100000000)
  region size 1024K, 28 young (28672K), 4 survivors (4096K)
 Metaspace       used 59958K, committed 60608K, reserved 1114112K
  class space    used 8221K, committed 8512K, reserved 1048576K
}
Event: 5.727 GC heap after
{Heap after GC invocations=30 (full 0):
 garbage-first heap   total 152576K, used 73314K [0x0000000080000000, 0x0000000100000000)
  region size 1024K, 4 young (4096K), 4 survivors (4096K)
 Metaspace       used 59958K, committed 60608K, reserved 1114112K
  class space    used 8221K, committed 8512K, reserved 1048576K
}
Event: 6.544 GC heap before
{Heap before GC invocations=31 (full 0):
 garbage-first heap   total 152576K, used 114274K [0x0000000080000000, 0x0000000100000000)
  region size 1024K, 44 young (45056K), 4 survivors (4096K)
 Metaspace       used 62083K, committed 62720K, reserved 1114112K
  class space    used 8476K, committed 8768K, reserved 1048576K
}
Event: 6.553 GC heap after
{Heap after GC invocations=32 (full 0):
 garbage-first heap   total 152576K, used 78332K [0x0000000080000000, 0x0000000100000000)
  region size 1024K, 6 young (6144K), 6 survivors (6144K)
 Metaspace       used 62083K, committed 62720K, reserved 1114112K
  class space    used 8476K, committed 8768K, reserved 1048576K
}
Event: 6.860 GC heap before
{Heap before GC invocations=32 (full 0):
 garbage-first heap   total 152576K, used 98812K [0x0000000080000000, 0x0000000100000000)
  region size 1024K, 28 young (28672K), 6 survivors (6144K)
 Metaspace       used 62384K, committed 62976K, reserved 1114112K
  class space    used 8495K, committed 8768K, reserved 1048576K
}
Event: 6.868 GC heap after
{Heap after GC invocations=33 (full 0):
 garbage-first heap   total 152576K, used 80558K [0x0000000080000000, 0x0000000100000000)
  region size 1024K, 4 young (4096K), 4 survivors (4096K)
 Metaspace       used 62384K, committed 62976K, reserved 1114112K
  class space    used 8495K, committed 8768K, reserved 1048576K
}
Event: 7.173 GC heap before
{Heap before GC invocations=34 (full 0):
 garbage-first heap   total 152576K, used 132782K [0x0000000080000000, 0x0000000100000000)
  region size 1024K, 41 young (41984K), 4 survivors (4096K)
 Metaspace       used 64459K, committed 65088K, reserved 1114112K
  class space    used 8772K, committed 9088K, reserved 1048576K
}
Event: 7.178 GC heap after
{Heap after GC invocations=35 (full 0):
 garbage-first heap   total 152576K, used 102810K [0x0000000080000000, 0x0000000100000000)
  region size 1024K, 6 young (6144K), 6 survivors (6144K)
 Metaspace       used 64459K, committed 65088K, reserved 1114112K
  class space    used 8772K, committed 9088K, reserved 1048576K
}
Event: 7.186 GC heap before
{Heap before GC invocations=35 (full 0):
 garbage-first heap   total 152576K, used 102810K [0x0000000080000000, 0x0000000100000000)
  region size 1024K, 7 young (7168K), 6 survivors (6144K)
 Metaspace       used 64537K, committed 65216K, reserved 1114112K
  class space    used 8781K, committed 9088K, reserved 1048576K
}
Event: 7.189 GC heap after
{Heap after GC invocations=36 (full 0):
 garbage-first heap   total 152576K, used 102093K [0x0000000080000000, 0x0000000100000000)
  region size 1024K, 1 young (1024K), 1 survivors (1024K)
 Metaspace       used 64537K, committed 65216K, reserved 1114112K
  class space    used 8781K, committed 9088K, reserved 1048576K
}
Event: 7.534 GC heap before
{Heap before GC invocations=36 (full 0):
 garbage-first heap   total 152576K, used 124621K [0x0000000080000000, 0x0000000100000000)
  region size 1024K, 23 young (23552K), 1 survivors (1024K)
 Metaspace       used 66356K, committed 67072K, reserved 1114112K
  class space    used 9009K, committed 9344K, reserved 1048576K
}
Event: 7.536 GC heap after
{Heap after GC invocations=37 (full 0):
 garbage-first heap   total 152576K, used 102723K [0x0000000080000000, 0x0000000100000000)
  region size 1024K, 1 young (1024K), 1 survivors (1024K)
 Metaspace       used 66356K, committed 67072K, reserved 1114112K
  class space    used 9009K, committed 9344K, reserved 1048576K
}
Event: 7.828 GC heap before
{Heap before GC invocations=38 (full 0):
 garbage-first heap   total 186368K, used 126275K [0x0000000080000000, 0x0000000100000000)
  region size 1024K, 25 young (25600K), 1 survivors (1024K)
 Metaspace       used 68947K, committed 69696K, reserved 1114112K
  class space    used 9305K, committed 9664K, reserved 1048576K
}
Event: 7.831 GC heap after
{Heap after GC invocations=39 (full 0):
 garbage-first heap   total 186368K, used 102953K [0x0000000080000000, 0x0000000100000000)
  region size 1024K, 2 young (2048K), 2 survivors (2048K)
 Metaspace       used 68947K, committed 69696K, reserved 1114112K
  class space    used 9305K, committed 9664K, reserved 1048576K
}
Event: 7.923 GC heap before
{Heap before GC invocations=39 (full 0):
 garbage-first heap   total 186368K, used 110121K [0x0000000080000000, 0x0000000100000000)
  region size 1024K, 9 young (9216K), 2 survivors (2048K)
 Metaspace       used 69755K, committed 70528K, reserved 1114112K
  class space    used 9452K, committed 9792K, reserved 1048576K
}
Event: 7.926 GC heap after
{Heap after GC invocations=40 (full 0):
 garbage-first heap   total 186368K, used 102837K [0x0000000080000000, 0x0000000100000000)
  region size 1024K, 1 young (1024K), 1 survivors (1024K)
 Metaspace       used 69755K, committed 70528K, reserved 1114112K
  class space    used 9452K, committed 9792K, reserved 1048576K
}
Event: 8.116 GC heap before
{Heap before GC invocations=40 (full 0):
 garbage-first heap   total 186368K, used 116149K [0x0000000080000000, 0x0000000100000000)
  region size 1024K, 15 young (15360K), 1 survivors (1024K)
 Metaspace       used 71741K, committed 72448K, reserved 1114112K
  class space    used 9701K, committed 10048K, reserved 1048576K
}

